[6/7/2022, 8:32:10 PM] HAMMER (5086513): bye suckers

[6/7/2022, 8:32:59 PM] tC<rkiyem <m79m <m77m >m;! (27569891): oC'

[6/7/2022, 8:33:31 PM] Lum <m77m <m7:Lu (2246842): wtf

[6/7/2022, 8:33:39 PM] Lum <m77m <m7:Lu (2246842): please 

[6/7/2022, 8:33:48 PM] Lum <m77m <m7:Lu (2246842): all vs grog!!!! 

[6/7/2022, 8:34:33 PM] Seanyy (5617449): cant he is cheating

[6/7/2022, 8:34:37 PM] UPGRADE (3365008): Grog you get banned you are a cheater

[6/7/2022, 8:34:49 PM] Seanyy (5617449): he aint signed in

[6/7/2022, 8:34:50 PM] Seanyy (5617449): he wont be

[6/7/2022, 8:35:02 PM] Seanyy (5617449): we will be because this will be seen as Free exp

[6/7/2022, 8:35:08 PM] Seanyy (5617449): so better you leave the lobby

[6/7/2022, 8:35:18 PM] Seanyy (5617449): i will but suit yourself but dont risk acc

[6/7/2022, 8:35:57 PM] UPGRADE (3365008): he can't even play 

[6/7/2022, 8:36:00 PM] UPGRADE (3365008): m =m8m =m8

[6/7/2022, 8:36:14 PM] UPGRADE (3365008): weakly without mass 

[6/7/2022, 8:36:26 PM] Lum <m77m <m7:Lu (2246842): Ha okok 

[6/7/2022, 8:36:32 PM] Lum <m77m <m7:Lu (2246842): report 

[6/7/2022, 8:36:37 PM] Lum <m77m <m7:Lu (2246842): grog

[6/7/2022, 8:36:43 PM] Lum <m77m <m7:Lu (2246842): ****ing cheater 

[6/7/2022, 8:36:53 PM] UPGRADE (3365008): Not the first time 

[6/7/2022, 8:37:13 PM] UPGRADE (3365008): Call admins here 

[6/7/2022, 8:37:16 PM] UPGRADE (3365008): m =m8m =m8

[6/7/2022, 8:37:19 PM] os (25809197): lol

