[6/10/2022, 1:58:18 AM] عبودي (27145663): واجه

[6/10/2022, 1:59:59 AM] اسمي karimbo (27320847): hhhhhhhhhhhhhh

[6/10/2022, 2:00:33 AM] A🥺 (17044232): idiot

[6/10/2022, 2:01:35 AM] اسمي karimbo (27320847): every fkn game have hacks?

[6/10/2022, 2:04:25 AM] A🥺 (17044232): ****ing idiot

[6/10/2022, 2:14:23 AM] اسمي karimbo (27320847): do u know that its possible to ban someone from his phone/pc serial

[6/10/2022, 2:14:59 AM] اسمي karimbo (27320847): if ly video reached administration u will be banned for sure

[6/10/2022, 2:15:12 AM] اسمي karimbo (27320847): even in your real account

[6/10/2022, 2:15:17 AM] اسمي karimbo (27320847): 🙂

[6/10/2022, 2:15:23 AM] اسمي karimbo (27320847): its not that hard u know

[6/10/2022, 2:16:33 AM] اسمي karimbo (27320847): u did develop this hack by your self right?

[6/10/2022, 2:18:49 AM] selin (13441923): lol

[6/10/2022, 2:20:00 AM] javascript (24936415): ne oldu selin ?

[6/10/2022, 2:20:07 AM] javascript (24936415): o klanı vericeksin 

[6/10/2022, 2:20:10 AM] javascript (24936415): wtf ? 

[6/10/2022, 2:20:17 AM] selin (13441923): kronos

[6/10/2022, 2:20:20 AM] javascript (24936415): turkish

[6/10/2022, 2:20:21 AM] selin (13441923): sen misin

[6/10/2022, 2:20:23 AM] javascript (24936415): evet

[6/10/2022, 2:20:42 AM] ذيب (6971264): hack

[6/10/2022, 2:20:51 AM] selin (13441923): verim klanı niye sey yaptın bu kadar

[6/10/2022, 2:20:58 AM] javascript (24936415): verme 

[6/10/2022, 2:21:01 AM] javascript (24936415): artık yokum 

[6/10/2022, 2:21:12 AM] selin (13441923): nasıl yoksun

[6/10/2022, 2:21:17 AM] javascript (24936415): askere gidiyorum 

[6/10/2022, 2:21:30 AM] selin (13441923): heğ

[6/10/2022, 2:21:40 AM] javascript (24936415): yarın 12 ucağım var 

[6/10/2022, 2:21:40 AM] selin (13441923): yolun acık olsun ozmn ne diyim

[6/10/2022, 2:21:44 AM] javascript (24936415): saol 

[6/10/2022, 2:21:48 AM] selin (13441923): neresi cıktı

[6/10/2022, 2:21:57 AM] javascript (24936415): manisa 

[6/10/2022, 2:22:05 AM] selin (13441923): iyi

[6/10/2022, 2:22:23 AM] selin (13441923): 6 ay mıydı askerlik

[6/10/2022, 2:22:31 AM] javascript (24936415): evet

[6/10/2022, 2:23:02 AM] selin (13441923): anladım 

[6/10/2022, 2:23:04 AM] javascript (24936415): securety bot d

[6/10/2022, 2:23:12 AM] selin (13441923): bu diğeri kim

[6/10/2022, 2:23:25 AM] ︌︌ ︌︌︌︌ (21232098): kronosu nasıl banlatıyom bak şimdi

[6/10/2022, 2:23:35 AM] javascript (24936415): banlat d

[6/10/2022, 2:24:04 AM] ︌︌ ︌︌︌︌ (21232098): bi 1000 lvl vardı o da gitcek

[6/10/2022, 2:24:06 AM] ︌︌ ︌︌︌︌ (21232098): yazık lan

[6/10/2022, 2:24:07 AM] selin (13441923): banlamıyolar ki

[6/10/2022, 2:24:14 AM] javascript (24936415): sence umrumda mı 

[6/10/2022, 2:24:15 AM] javascript (24936415): D

[6/10/2022, 2:24:16 AM] selin (13441923): geçen de bisey yapmadılar

[6/10/2022, 2:24:23 AM] ︌︌ ︌︌︌︌ (21232098): hammadı kim banlattı sanıyon selin

[6/10/2022, 2:24:30 AM] ︌︌ ︌︌︌︌ (21232098): girdiği her hesap banlanıyo

[6/10/2022, 2:24:31 AM] ︌︌ ︌︌︌︌ (21232098): .d

[6/10/2022, 2:24:37 AM] javascript (24936415): banlansın D

[6/10/2022, 2:24:42 AM] selin (13441923):  o niye banlandı

[6/10/2022, 2:24:43 AM] javascript (24936415): umrumuzda mı sence 

[6/10/2022, 2:24:47 AM] ︌︌ ︌︌︌︌ (21232098): bot hilesi yaptı

[6/10/2022, 2:24:55 AM] ︌︌ ︌︌︌︌ (21232098): maja bana yazdı hammadın tüm idlerini ver diye

[6/10/2022, 2:25:02 AM] ︌︌ ︌︌︌︌ (21232098): hepsini aradım üşenmedim 

[6/10/2022, 2:25:06 AM] selin (13441923): hahaha

[6/10/2022, 2:25:17 AM] javascript (24936415): az yalvar belki köpeği olursun 

[6/10/2022, 2:25:19 AM] javascript (24936415): d

[6/10/2022, 2:25:28 AM] selin (13441923): bu hammad mı

[6/10/2022, 2:25:35 AM] ︌︌ ︌︌︌︌ (21232098): kronos ppsine yazar artık 1000 lvl banned

