[6/9/2022, 7:00:30 PM] I LOVE OZİ (27406856): bro wtf

[6/9/2022, 7:00:51 PM] I LOVE OZİ (27406856): its hack ?

[6/9/2022, 7:01:03 PM] koIibri (27760470): yes

[6/9/2022, 7:01:16 PM] I LOVE OZİ (27406856): fkng idiot

[6/9/2022, 7:01:16 PM] • (27810353): Yes

[6/9/2022, 7:01:21 PM] • (27810353): LOL

[6/9/2022, 7:01:59 PM] I LOVE OZİ (27406856): gg

[6/9/2022, 7:03:16 PM] I LOVE OZİ (27406856): all guys helo

[6/9/2022, 7:03:18 PM] I LOVE OZİ (27406856): help

[6/9/2022, 7:03:44 PM] ÖMER (19544619): orospu çocukları gelmiş yine

[6/9/2022, 7:04:16 PM] I LOVE OZİ (27406856): olum ilk defa gördüm la

[6/9/2022, 7:04:21 PM] koIibri (27760470): Nicee

[6/9/2022, 7:04:21 PM] I LOVE OZİ (27406856): bu nasıl bişi amq

[6/9/2022, 7:04:30 PM] I LOVE OZİ (27406856): goooo guys gooo

[6/9/2022, 7:04:31 PM] ÖMER (19544619): hile yapmışlar 

[6/9/2022, 7:04:36 PM] I LOVE OZİ (27406856): dont live

[6/9/2022, 7:04:49 PM] I LOVE OZİ (27406856): amq nasıl bir hileyse

[6/9/2022, 7:05:17 PM] 🤗 (3156015): nyaainity report 

[6/9/2022, 7:05:31 PM] I LOVE OZİ (27406856): 3 kolibri wtf

[6/9/2022, 7:05:41 PM] koIibri (27760470): LMAO

