[6/11/2022, 3:05:37 AM] evil (26626938): only feed noob 😂😂

[6/11/2022, 3:06:49 AM] ༺ᑕⒺ︎🅥︎ɐ卩i̾༻ (22058889): 😂

[6/11/2022, 3:08:06 AM] /RAMI♕π (27086075): .

[6/11/2022, 3:08:17 AM] /RAMI♕π (27086075): بوتهه

[6/11/2022, 3:08:48 AM] s͠h͠ (23321830): ههههه

[6/11/2022, 3:08:53 AM] /RAMI♕π (27086075): عرفتي نفيك

[6/11/2022, 3:08:57 AM] /RAMI♕π (27086075): نفسكك

[6/11/2022, 3:09:01 AM] s͠h͠ (23321830): اص

[6/11/2022, 3:09:03 AM] s͠h͠ (23321830): زيك

[6/11/2022, 3:09:14 AM] /RAMI♕π (27086075): هههههههههههه 

[6/11/2022, 3:09:23 AM] s͠h͠ (23321830): 😂

[6/11/2022, 3:09:55 AM] /RAMI♕π (27086075): للحين فجرته 3 مرات

[6/11/2022, 3:10:19 AM] s͠h͠ (23321830): اع

[6/11/2022, 3:10:21 AM] s͠h͠ (23321830): 😂

[6/11/2022, 3:10:33 AM] s͠h͠ (23321830): برافوو

[6/11/2022, 3:11:32 AM] Berfin (13646966): noldu bu oyuna ya

[6/11/2022, 3:11:37 AM] s͠h͠ (23321830): يخي😂

[6/11/2022, 3:11:38 AM] /RAMI♕π (27086075): غبيهه

[6/11/2022, 3:11:39 AM] Berfin (13646966): niye bu botlar çıkmaya başladı

[6/11/2022, 3:11:46 AM] /RAMI♕π (27086075): كلزق

[6/11/2022, 3:12:51 AM] s͠h͠ (23321830): انا

[6/11/2022, 3:12:56 AM] /RAMI♕π (27086075): نو

[6/11/2022, 3:13:06 AM] s͠h͠ (23321830): حسبت انا

[6/11/2022, 3:13:09 AM] s͠h͠ (23321830): 😂

[6/11/2022, 3:13:10 AM] /RAMI♕π (27086075): حقدو 

[6/11/2022, 3:13:16 AM] s͠h͠ (23321830): اغبياء

[6/11/2022, 3:13:23 AM] /RAMI♕π (27086075): خلنا نروح روم 

[6/11/2022, 3:13:44 AM] /RAMI♕π (27086075): تجي لو تبقي

