[6/14/2022, 6:42:44 PM] ѴΣИΘM (27003003): zearl

[6/14/2022, 6:42:44 PM] Zearl (12191018): je sais pas

[6/14/2022, 6:42:49 PM] Zearl (12191018): je mets de la creme

[6/14/2022, 6:42:51 PM] ​​​ (9973289): c sur mdrrrr

[6/14/2022, 6:42:55 PM] Zearl (12191018): i put cream bro yes

[6/14/2022, 6:42:56 PM] ѴΣИΘM (27003003): wallah 2 12 yo girls under my house are doing tik tok dances

[6/14/2022, 6:42:58 PM] ѴΣИΘM (27003003): im dead

[6/14/2022, 6:43:05 PM] ​​​ (9973289): im pro tiktok too

[6/14/2022, 6:43:05 PM] Zearl (12191018): record

[6/14/2022, 6:43:07 PM] Zearl (12191018): 😂

[6/14/2022, 6:43:11 PM] ​​​ (9973289): hein zearl jsuis pro nan

[6/14/2022, 6:43:14 PM] ѴΣИΘM (27003003): lmao ok wait

[6/14/2022, 6:43:26 PM] ѴΣИΘM (27003003): my phone is gonna die

[6/14/2022, 6:43:29 PM] ѴΣИΘM (27003003): cuz too warm 

[6/14/2022, 6:43:31 PM] ѴΣИΘM (27003003): wait

[6/14/2022, 6:43:46 PM] ѴΣИΘM (27003003): check snap nigha

[6/14/2022, 6:43:54 PM] Zearl (12191018): brb

[6/14/2022, 6:43:59 PM] ѴΣИΘM (27003003): meva

[6/14/2022, 6:44:03 PM] ​​​ (9973289): ya

[6/14/2022, 6:44:03 PM] Zearl (12191018): hahaha

[6/14/2022, 6:44:03 PM] ѴΣИΘM (27003003): did h knkw im black

[6/14/2022, 6:44:08 PM] ѴΣИΘM (27003003): ahahahahhaha

[6/14/2022, 6:44:14 PM] ​​​ (9973289): il tas envoye quoi

[6/14/2022, 6:44:24 PM] Zearl (12191018): des meufs qui font des tiktok

[6/14/2022, 6:44:28 PM] ​​​ (9973289): ah ptdrr

[6/14/2022, 6:44:32 PM] ​​​ (9973289): ur not black

[6/14/2022, 6:44:33 PM] ѴΣИΘM (27003003): say mdr

[6/14/2022, 6:44:35 PM] ​​​ (9973289): but ok

[6/14/2022, 6:44:35 PM] ѴΣИΘM (27003003): i am

[6/14/2022, 6:44:37 PM] ѴΣИΘM (27003003): ask zearl

[6/14/2022, 6:44:43 PM] ѴΣИΘM (27003003): im darkskik w 33 cm bbc

[6/14/2022, 6:44:50 PM] ѴΣИΘM (27003003): darkskin*

[6/14/2022, 6:44:58 PM] Zearl (12191018): barbecue?

[6/14/2022, 6:45:14 PM] ѴΣИΘM (27003003): u fr went out zearl?

