[6/15/2022, 12:25:01 PM] M (13716165): fckk

[6/15/2022, 12:26:55 PM] Peony (1020405): bruh why is everyone name catgirl

[6/15/2022, 12:27:18 PM] ᴋɪᴍy (5303035): some hacked the server

[6/15/2022, 12:27:25 PM] M (13716165): cuz bot hack

[6/15/2022, 12:27:25 PM] . (26421200): yes

[6/15/2022, 12:27:27 PM] ᴋɪᴍy (5303035): someone*

[6/15/2022, 12:27:30 PM] M (13716165): smart

[6/15/2022, 12:27:44 PM] Peony (1020405): theres a hack?

[6/15/2022, 12:28:19 PM] ᴋɪᴍy (5303035): yeap

[6/15/2022, 12:28:50 PM] M (13716165): u too bot peony

[6/15/2022, 12:28:53 PM] M (13716165): 😂

[6/15/2022, 12:30:11 PM] M (13716165): 🤣

[6/15/2022, 12:30:32 PM] ♡ (8827269): wow

[6/15/2022, 12:30:39 PM] ♡ (8827269): 😔

[6/15/2022, 12:30:50 PM] M (13716165): last time

[6/15/2022, 12:31:23 PM] ♡ (8827269): can i haz

[6/15/2022, 12:31:29 PM] ♡ (8827269): some

[6/15/2022, 12:31:52 PM] M (13716165): u

[6/15/2022, 12:31:57 PM] . (26421200): wow

[6/15/2022, 12:32:09 PM] M (13716165): haha

[6/15/2022, 12:32:44 PM] ᴋɪᴍy (5303035): shes huge lol

[6/15/2022, 12:32:44 PM] ‘ (11690078): 😅

[6/15/2022, 12:32:56 PM] groovyk (4046421): she?

[6/15/2022, 12:33:08 PM] ᴋɪᴍy (5303035): he? 

[6/15/2022, 12:33:10 PM] M (13716165): fxjjj

[6/15/2022, 12:33:17 PM] ♡ (8827269): thicc

[6/15/2022, 12:33:19 PM] ᴋɪᴍy (5303035): sorry jeje

[6/15/2022, 12:33:45 PM] ♡ (8827269): lemmmmeee get summ

[6/15/2022, 12:33:52 PM] ♡ (8827269): pleaseee

[6/15/2022, 12:34:50 PM] . (26421200): ah shitt

[6/15/2022, 12:35:41 PM] oct (22230571): whos bots are these

[6/15/2022, 12:35:47 PM] Peony (1020405): mb

[6/15/2022, 12:36:10 PM] oct (22230571): they urs nate?

[6/15/2022, 12:36:25 PM] ᴋɪᴍy (5303035): nyaanity

[6/15/2022, 12:36:34 PM] nate (1452849): no

[6/15/2022, 12:36:46 PM] nate (1452849): read name

[6/15/2022, 12:37:09 PM] M (13716165): ye sunu

[6/15/2022, 12:37:24 PM] . (26421200): aa turkmusun

[6/15/2022, 12:37:25 PM] oct (22230571): u seein this kon

[6/15/2022, 12:37:46 PM] Kon (2182635): 😂

[6/15/2022, 12:37:53 PM] oct (22230571): whos bots💀

[6/15/2022, 12:38:09 PM] M (13716165): peony

[6/15/2022, 12:38:12 PM] M (13716165): 😂

[6/15/2022, 12:38:23 PM] Peony (1020405): ?

[6/15/2022, 12:38:26 PM] oct (22230571): peonys bots?

[6/15/2022, 12:38:28 PM] nate (1452849): 😅

[6/15/2022, 12:38:35 PM] Peony (1020405): huh

[6/15/2022, 12:38:42 PM] oct (22230571): they ur bots?

[6/15/2022, 12:38:48 PM] oct (22230571): they def not real

[6/15/2022, 12:38:48 PM] M (13716165): no

[6/15/2022, 12:38:48 PM] Peony (1020405): i wish

[6/15/2022, 12:38:55 PM] oct (22230571): whos m

[6/15/2022, 12:38:56 PM] oct (22230571): lmk

[6/15/2022, 12:38:57 PM] M (13716165): u can see

[6/15/2022, 12:39:06 PM] M (13716165): groovj

[6/15/2022, 12:39:20 PM] oct (22230571): kev got bots damn

[6/15/2022, 12:39:30 PM] groovyk (4046421): nah

[6/15/2022, 12:39:36 PM] nate (1452849): the emotes lmao

[6/15/2022, 12:39:43 PM] oct (22230571): yo sup mely

[6/15/2022, 12:40:02 PM] M (13716165): 🤣🤣🤣

[6/15/2022, 12:40:06 PM] M (13716165): ur bots 

[6/15/2022, 12:40:07 PM] ♡ (8827269): ello

[6/15/2022, 12:40:11 PM] M (13716165): ik

[6/15/2022, 12:41:15 PM] M (13716165): 🤣🤣🤣🤣

[6/15/2022, 12:41:40 PM] M (13716165): yaa

