[6/14/2022, 6:46:36 PM] ​​​ (9973289): fy too

[6/14/2022, 6:46:40 PM] ѴΣИΘM (27003003): 163 gap

[6/14/2022, 6:46:53 PM] ѴΣИΘM (27003003): nebu>life

[6/14/2022, 6:47:19 PM] ​​​ (9973289): viens en survie public plutot nan!?

[6/14/2022, 6:47:30 PM] ​​​ (9973289): jme sent pas a laise la en ffau💀

[6/14/2022, 6:47:34 PM] Zearl (12191018): je vais au soleil att

[6/14/2022, 6:47:40 PM] ​​​ (9973289): frere

[6/14/2022, 6:48:15 PM] ѴΣИΘM (27003003): can u talk stop talk french wtf

[6/14/2022, 6:48:18 PM] ѴΣИΘM (27003003): whores amk

[6/14/2022, 6:48:23 PM] ѴΣИΘM (27003003): im too here wtf

[6/14/2022, 6:48:30 PM] ​​​ (9973289): ok but u random 

[6/14/2022, 6:48:34 PM] ѴΣИΘM (27003003): ok

[6/14/2022, 6:48:36 PM] ѴΣИΘM (27003003): ok

[6/14/2022, 6:48:43 PM] TÜRKIYE 🇹🇷🇹🇷 (27677174): ananın amını yağlayıp yağlayıp kazığa oturtduktan sonra  genişleyen amını sikip sikip sana kardeş yapayımm amını siktiğimin topi

[6/14/2022, 6:48:44 PM] ѴΣИΘM (27003003): i ****ed ur boy friends clan in season 75

[6/14/2022, 6:49:00 PM] ​​​ (9973289): boy friends???

[6/14/2022, 6:49:04 PM] ѴΣИΘM (27003003): reviwhoreson

[6/14/2022, 6:49:14 PM] Zearl (12191018): lee 

[6/14/2022, 6:49:16 PM] ​​​ (9973289): just say friend

[6/14/2022, 6:49:16 PM] Zearl (12191018): cw ? 

[6/14/2022, 6:49:18 PM] Zearl (12191018): sun cw 

[6/14/2022, 6:49:25 PM] ѴΣИΘM (27003003): wallah i cant see screen

[6/14/2022, 6:49:26 PM] ѴΣИΘM (27003003): but go

[6/14/2022, 6:49:29 PM] Zearl (12191018): hahah

[6/14/2022, 6:53:08 PM] M (13716165): diyar

[6/14/2022, 6:53:20 PM] ㅤㅤ (15897647): ?

[6/14/2022, 6:53:40 PM] M (13716165): sen eskiden insomnia klanindaydin

[6/14/2022, 6:53:45 PM] M (13716165): dimi

[6/14/2022, 6:53:59 PM] ㅤㅤ (15897647): olabilir hatirlamiom

[6/14/2022, 6:54:12 PM] M (13716165): oyuna ilk basladiginda

[6/14/2022, 6:54:22 PM] M (13716165): futbol modunda oynuyordun

[6/14/2022, 6:54:28 PM] ㅤㅤ (15897647): infinitodaydim

[6/14/2022, 6:54:37 PM] M (13716165): ne

[6/14/2022, 6:54:53 PM] ㅤㅤ (15897647): futbola gorev icin tek goriodm

[6/14/2022, 6:55:00 PM] ㅤㅤ (15897647): giriodm

[6/14/2022, 6:55:17 PM] M (13716165): yusuf ve mustafa isimleri tanidik geliyir mu

[6/14/2022, 6:55:19 PM] ㅤㅤ (15897647): senin adın neydi

