[6/14/2022, 6:17:25 PM] ^aXyeвШий√™ (11313902): здарова

[6/14/2022, 6:19:48 PM] ^aXyeвШий√™ (11313902): чё за хуйня

[6/14/2022, 6:19:56 PM] ^aXyeвШий√™ (11313902): этот вип ахуел

[6/14/2022, 6:24:43 PM] Crystal (10906078): nah man that's just sad to watch

[6/14/2022, 6:24:47 PM] Crystal (10906078): 😂

[6/14/2022, 6:25:32 PM] biji kurdistan (187309): yea i swear

[6/14/2022, 6:25:35 PM] biji kurdistan (187309): so sad

[6/14/2022, 6:26:03 PM] Crystal (10906078): people need cheats to get better

[6/14/2022, 6:26:07 PM] Crystal (10906078): 🤣

[6/14/2022, 6:27:11 PM] biji kurdistan (187309): yea

[6/14/2022, 6:27:45 PM] biji kurdistan (187309): he don‘t get better

[6/14/2022, 6:27:53 PM] biji kurdistan (187309): without this hack he is a noob

[6/14/2022, 6:28:22 PM] Crystal (10906078): yeah😂

[6/14/2022, 6:33:36 PM] TheVlad (17919548): sorry kronos

[6/14/2022, 6:33:38 PM] ꧁YALNIZ KURT꧂ (24039459): ai

[6/14/2022, 6:35:00 PM] Zearl (12191018): oui meva

[6/14/2022, 6:35:02 PM] TheVlad (17919548): left this server guys mods give ban all

[6/14/2022, 6:35:10 PM] Zearl (12191018): quand il etait dans le clan a dan et tout 

[6/14/2022, 6:35:20 PM] TheVlad (17919548): this server have hack

[6/14/2022, 6:35:25 PM] TheVlad (17919548): left this

[6/14/2022, 6:36:11 PM] ☆♡ E   N   T ♡☆ (27869256): knk

[6/14/2022, 6:36:19 PM] ꧁YALNIZ KURT꧂ (24039459): oda açam gek

[6/14/2022, 6:36:22 PM] ☆♡ E   N   T ♡☆ (27869256): tm

