[6/18/2022, 12:53:45 PM] tyRUN🇺🇦 (27820869): буду выёбываться

[6/18/2022, 12:53:51 PM] tyRUN🇺🇦 (27820869): 48

[6/18/2022, 12:54:05 PM] ³⁶⁵ (22100249): очкарик вални ебало

[6/18/2022, 12:54:09 PM] ³⁶⁵ (22100249): героем сало 

[6/18/2022, 12:54:09 PM] UNKNOWN (26619487): ооо

[6/18/2022, 12:54:11 PM] ~Milky Way~♡ (26883514): Толь,щас дам тебе админку

[6/18/2022, 12:54:13 PM] UNKNOWN (26619487): всё

[6/18/2022, 12:54:18 PM] ~Milky Way~♡ (26883514): Ура

[6/18/2022, 12:54:19 PM] ³⁶⁵ (22100249): о толик 

[6/18/2022, 12:54:22 PM] ~Milky Way~♡ (26883514): Кикни

[6/18/2022, 12:54:22 PM] ³⁶⁵ (22100249): дроу бичес

[6/18/2022, 12:54:30 PM] ³⁶⁵ (22100249): ты знал что ей 9 лет?

[6/18/2022, 12:54:34 PM] UNKNOWN (26619487): да

[6/18/2022, 12:54:38 PM] UNKNOWN (26619487): кого

[6/18/2022, 12:54:41 PM] UNKNOWN (26619487): кикнуть

[6/18/2022, 12:54:44 PM] Aktay (12632422): 3+3×3=?

[6/18/2022, 12:54:44 PM] ³⁶⁵ (22100249): куда ты лезешь в свои 15

[6/18/2022, 12:54:51 PM] ³⁶⁵ (22100249): 12

[6/18/2022, 12:54:52 PM] tyRUN🇺🇦 (27820869): 12

[6/18/2022, 12:55:20 PM] ³⁶⁵ (22100249): ты медленый не твой уровень 

[6/18/2022, 12:55:32 PM] ³⁶⁵ (22100249): найс ботов ктото запустил

[6/18/2022, 12:56:42 PM] UNKNOWN (26619487): кого

[6/18/2022, 12:56:45 PM] UNKNOWN (26619487): скажи

[6/18/2022, 12:56:46 PM] UNKNOWN (26619487): те

[6/18/2022, 12:56:54 PM] ³⁶⁵ (22100249): меня она хочет кинуть 

[6/18/2022, 12:56:57 PM] ³⁶⁵ (22100249): кикнуть 

[6/18/2022, 12:56:59 PM] UNKNOWN (26619487): да?

[6/18/2022, 12:57:04 PM] ³⁶⁵ (22100249): да

[6/18/2022, 12:57:13 PM] ⠀⠀   ⠀⠀   0.1 (18287093): ахахахха

[6/18/2022, 12:57:15 PM] ⠀⠀   ⠀⠀   0.1 (18287093): деловой

[6/18/2022, 12:57:15 PM] ³⁶⁵ (22100249): ей не понравилось что  я сказал бля

[6/18/2022, 12:57:17 PM] UNKNOWN (26619487): ладно

[6/18/2022, 12:57:24 PM] ~Milky Way~♡ (26883514): Дима,пока

[6/18/2022, 12:57:28 PM] ~Milky Way~♡ (26883514): я в парк

[6/18/2022, 12:57:30 PM] UNKNOWN (26619487): почему

[6/18/2022, 12:57:32 PM] UNKNOWN (26619487): эхх

[6/18/2022, 12:57:33 PM] ~Milky Way~♡ (26883514): гулять

[6/18/2022, 12:57:35 PM] UNKNOWN (26619487): ок

[6/18/2022, 12:57:41 PM] ⠀⠀   ⠀⠀   0.1 (18287093): да, там тебе место, в зоопарке

[6/18/2022, 12:57:41 PM] UNKNOWN (26619487): до встречи

[6/18/2022, 12:57:43 PM] ³⁶⁵ (22100249): дима ты знаешь скок ей лет блять?

[6/18/2022, 12:57:50 PM] ⠀⠀   ⠀⠀   0.1 (18287093): иди, иди

[6/18/2022, 12:57:52 PM] UNKNOWN (26619487): ээ

[6/18/2022, 12:57:54 PM] UNKNOWN (26619487): знаю

[6/18/2022, 12:57:57 PM] UNKNOWN (26619487): и что

[6/18/2022, 12:57:58 PM] ⠀⠀   ⠀⠀   0.1 (18287093): к сородичам макакам

[6/18/2022, 12:57:59 PM] ³⁶⁵ (22100249): ну и скоко удиви

[6/18/2022, 12:58:02 PM] UNKNOWN (26619487): 9

[6/18/2022, 12:58:05 PM] UNKNOWN (26619487): и что

[6/18/2022, 12:58:12 PM] UNKNOWN (26619487): а тебя кикнуть

[6/18/2022, 12:58:14 PM] ³⁶⁵ (22100249): нц и хули 

[6/18/2022, 12:58:42 PM] ³⁶⁵ (22100249): неа

[6/18/2022, 12:58:49 PM] tyRUN🇺🇦 (27820869): кикай

[6/18/2022, 12:59:05 PM] UNKNOWN (26619487): а кстати как узнал что ей 9

[6/18/2022, 12:59:27 PM] ³⁶⁵ (22100249): сома сказала 

[6/18/2022, 12:59:34 PM] UNKNOWN (26619487): чё правда

[6/18/2022, 12:59:34 PM] ³⁶⁵ (22100249): сказала что вы не пара 

[6/18/2022, 12:59:38 PM] ³⁶⁵ (22100249): и ебала тебя в очко

[6/18/2022, 12:59:46 PM] ³⁶⁵ (22100249): сказала ты его не бреешь 

[6/18/2022, 12:59:55 PM] tyRUN🇺🇦 (27820869): жаль

[6/18/2022, 12:59:57 PM] UNKNOWN (26619487): ах так значит обианщик

[6/18/2022, 1:00:06 PM] ³⁶⁵ (22100249): ы 

[6/18/2022, 1:00:06 PM] UNKNOWN (26619487): ну пока тебе

[6/18/2022, 1:00:13 PM] ³⁶⁵ (22100249): нуну

[6/18/2022, 1:00:23 PM] UNKNOWN (26619487): !kick 3

[6/18/2022, 1:01:43 PM] UNKNOWN (26619487): !kick 13

[6/18/2022, 1:01:44 PM] UNKNOWN (26619487): !kick 12

[6/18/2022, 1:01:47 PM] UNKNOWN (26619487): !kick 11

[6/18/2022, 1:05:40 PM] fg5ch7cv6 (20062350): es muy raro juega poca gente para ser sabado digo yo

[6/18/2022, 1:06:00 PM] ιຮศศ໒ッ (2719208): yap

[6/18/2022, 1:07:22 PM] ⠀ ⠀ (22644026): zak

[6/18/2022, 1:09:06 PM] ⠀ ⠀ (22644026): ba

[6/18/2022, 1:09:13 PM] Zak Hamilton (16619517): da

[6/18/2022, 1:09:14 PM] Minki (20281951): lol

[6/18/2022, 1:09:19 PM] ⠀ ⠀ (22644026): ce faci?

[6/18/2022, 1:09:29 PM] Zak Hamilton (16619517): putin pe aici 

[6/18/2022, 1:09:36 PM] ⠀ ⠀ (22644026): a

[6/18/2022, 1:09:38 PM] Zak Hamilton (16619517): tu

[6/18/2022, 1:09:53 PM] ⠀ ⠀ (22644026): am vrut sa intru dar nu am chef

[6/18/2022, 1:09:57 PM] ⠀ ⠀ (22644026): 😂

[6/18/2022, 1:10:01 PM] ⠀ ⠀ (22644026): am lag

[6/18/2022, 1:10:07 PM] Zak Hamilton (16619517): sa joci?

[6/18/2022, 1:10:09 PM] Zak Hamilton (16619517): 😂

[6/18/2022, 1:10:16 PM] ⠀ ⠀ (22644026): de

[6/18/2022, 1:10:41 PM] ✦҈͡F          👑 (6771176): 🤦🏼‍♀️

[6/18/2022, 1:10:49 PM] GORA (6332596): **** YOU CHEATER

[6/18/2022, 1:10:51 PM] Zak Hamilton (16619517): schimba mapa

[6/18/2022, 1:10:51 PM] ⠀ ⠀ (22644026): hey fran

[6/18/2022, 1:10:59 PM] Zak Hamilton (16619517): ca poti sa iei ban

[6/18/2022, 1:11:12 PM] ⠀ ⠀ (22644026): ce ban?

[6/18/2022, 1:11:17 PM] ⠀ ⠀ (22644026): dc ban?

[6/18/2022, 1:12:00 PM] Zak Hamilton (16619517): du te ba ti ai facut clan

[6/18/2022, 1:12:06 PM] ⠀ ⠀ (22644026): da ba

[6/18/2022, 1:12:07 PM] Zak Hamilton (16619517): nu puteai sa vi aici😆

[6/18/2022, 1:12:13 PM] ✦҈͡F          👑 (6771176): hi fran🥰

[6/18/2022, 1:12:19 PM] ⠀ ⠀ (22644026): nu ca nu am incredere in aia

[6/18/2022, 1:12:28 PM] Zak Hamilton (16619517): ce incredere iti trebe ma

[6/18/2022, 1:12:33 PM] ⠀ ⠀ (22644026): how are you ?

[6/18/2022, 1:12:34 PM] Zak Hamilton (16619517): suntem romani si noi drq 

[6/18/2022, 1:12:37 PM] Zak Hamilton (16619517): 😂

[6/18/2022, 1:12:40 PM] ⠀ ⠀ (22644026): mda

[6/18/2022, 1:12:41 PM] Zak Hamilton (16619517): avem si fete

[6/18/2022, 1:12:49 PM] Zak Hamilton (16619517): te ai certat cu cineva?

[6/18/2022, 1:12:53 PM] ⠀ ⠀ (22644026): nu ma intereseaza de fete

[6/18/2022, 1:13:09 PM] Zak Hamilton (16619517): eu incerc sa fac un clan bun 

[6/18/2022, 1:13:12 PM] GORA (6332596): why cheating

[6/18/2022, 1:13:17 PM] Zak Hamilton (16619517): cu farmeri..dar e cam greu

[6/18/2022, 1:13:24 PM] ⠀ ⠀ (22644026): vino aci

[6/18/2022, 1:13:30 PM] ✦҈͡F          👑 (6771176): cuz he got banned many times 

[6/18/2022, 1:13:31 PM] Zak Hamilton (16619517): nu ies😂

[6/18/2022, 1:13:39 PM] ⠀ ⠀ (22644026): na bene treaba ta

[6/18/2022, 1:13:47 PM] Zak Hamilton (16619517): vino tu

[6/18/2022, 1:13:51 PM] ⠀ ⠀ (22644026): ca vreau sa strang toti farmeri in clan

[6/18/2022, 1:14:00 PM] Zak Hamilton (16619517): pai si noi la fel vino aici

[6/18/2022, 1:14:12 PM] ⠀ ⠀ (22644026): ata ete

[6/18/2022, 1:14:16 PM] Zak Hamilton (16619517): doar nu suntem rivali😑🤔

[6/18/2022, 1:14:21 PM] ⠀ ⠀ (22644026): nu imi place de azra

[6/18/2022, 1:14:29 PM] ⠀ ⠀ (22644026): 😴

[6/18/2022, 1:14:32 PM] Zak Hamilton (16619517): pai da o n colo pe ea

[6/18/2022, 1:14:39 PM] ⠀ ⠀ (22644026): nu 

[6/18/2022, 1:15:06 PM] ⠀ ⠀ (22644026): hai camp sau cv

[6/18/2022, 1:15:23 PM] Zak Hamilton (16619517): ffau privat cauta 

[6/18/2022, 1:15:28 PM] ⠀ ⠀ (22644026): oke 

[6/18/2022, 1:17:46 PM] GORA (6332596): kyrie

[6/18/2022, 1:17:48 PM] GORA (6332596): pm?

[6/18/2022, 1:17:58 PM] 𝕂𝕪𝕣𝕚𝕖 (9831113): im disc

[6/18/2022, 1:18:10 PM] GORA (6332596): pm?

[6/18/2022, 1:18:14 PM] 𝕂𝕪𝕣𝕚𝕖 (9831113): u need to talk? 

[6/18/2022, 1:18:17 PM] GORA (6332596): yes

[6/18/2022, 1:18:21 PM] 𝕂𝕪𝕣𝕚𝕖 (9831113): wait

[6/18/2022, 1:18:28 PM] 𝕂𝕪𝕣𝕚𝕖 (9831113): now

[6/18/2022, 1:18:51 PM] 𝕂𝕪𝕣𝕚𝕖 (9831113): I think that's complex. 

