[6/20/2022, 2:16:11 AM] lemo (27134575): no good looking guy thinks that you are beautiful, only ugly dudes thinks u are beauty

[6/20/2022, 2:16:35 AM] M (13716165): hahah

[6/20/2022, 2:16:38 AM] M (13716165): ok

[6/20/2022, 2:16:42 AM] M (13716165): dogshit

[6/20/2022, 2:16:49 AM] lemo (27134575): yaa u look like shit

[6/20/2022, 2:17:37 AM] M (13716165): am looking like a ur mom

[6/20/2022, 2:17:43 AM] M (13716165): 🤣🖕🏼

[6/20/2022, 2:18:00 AM] M (13716165): die bitch

[6/20/2022, 2:18:05 AM] M (13716165): hahahah

[6/20/2022, 2:18:15 AM] lemo (27134575): haha u still look like shit

[6/20/2022, 2:18:20 AM] M (13716165): cry now

[6/20/2022, 2:18:41 AM] lemo (27134575): no, you cry  baby

[6/20/2022, 2:19:14 AM] M (13716165): i don’t

[6/20/2022, 2:19:25 AM] lemo (27134575): but still you ugly

[6/20/2022, 2:20:15 AM] lemo (27134575): is any admin on? i know who is Karma.  :) will get second ban

[6/20/2022, 2:20:42 AM] M (13716165): stfu

[6/20/2022, 2:20:50 AM] lemo (27134575): ugly 

[6/20/2022, 2:20:50 AM] M (13716165): ****ing guy

[6/20/2022, 2:20:57 AM] lemo (27134575): you ugly ass hoe

[6/20/2022, 2:21:26 AM] M (13716165): jeaolus me

[6/20/2022, 2:21:37 AM] lemo (27134575): naah you too ugly 

[6/20/2022, 2:21:47 AM] M (13716165): hahah

[6/20/2022, 2:21:50 AM] lemo (27134575): only ugly dudes thinks that u are beautiful haha

[6/20/2022, 2:21:53 AM] M (13716165): no

[6/20/2022, 2:22:18 AM] M (13716165): watch me

[6/20/2022, 2:22:23 AM] M (13716165): 😂

[6/20/2022, 2:22:30 AM] M (13716165): look at me

[6/20/2022, 2:22:39 AM] lemo (27134575): i don't want to look, you too ugly 

[6/20/2022, 2:23:27 AM] M (13716165): u are so funny

[6/20/2022, 2:23:41 AM] EZ🦅 (27361852): karma tutorial Bot?

[6/20/2022, 2:23:56 AM] lemo (27134575): M its not funny its sad that you ugly

[6/20/2022, 2:24:09 AM] EZ🦅 (27361852): please 

[6/20/2022, 2:24:19 AM] lemo (27134575): EZ, better no, one time he already had ban for this, now will be second

[6/20/2022, 2:25:17 AM] M (13716165): lemp

[6/20/2022, 2:25:39 AM] lemo (27134575): ugly ass hoe shut the **** up, you need plastic operation to look good lmak

[6/20/2022, 2:25:41 AM] EZ🦅 (27361852): perhaps

[6/20/2022, 2:25:59 AM] M (13716165): why u bad act me

[6/20/2022, 2:26:07 AM] lemo (27134575): because u ugly hoe

[6/20/2022, 2:26:12 AM] M (13716165): ok

[6/20/2022, 2:26:13 AM] lemo (27134575): how much per hour?

[6/20/2022, 2:26:16 AM] M (13716165): block me

[6/20/2022, 2:27:01 AM] lemo (27134575): i can't even my block botton thinks u are too ugly 

[6/20/2022, 2:27:10 AM] EZ🦅 (27361852): lemo please 

[6/20/2022, 2:27:24 AM] lemo (27134575): EZ what?

[6/20/2022, 2:27:32 AM] M (13716165): okay i am so ugly

[6/20/2022, 2:27:34 AM] M (13716165): ok

[6/20/2022, 2:28:00 AM] lemo (27134575): M yes, good that you know you are ugly hoe

[6/20/2022, 2:28:01 AM] EZ🦅 (27361852): lemo send me a friend request please 

[6/20/2022, 2:28:09 AM] lemo (27134575): EZ sure

[6/20/2022, 2:28:30 AM] lemo (27134575): done bruv

[6/20/2022, 2:28:42 AM] M (13716165): okay pls shut up

[6/20/2022, 2:28:47 AM] EZ🦅 (27361852): thank you 

[6/20/2022, 2:28:49 AM] M (13716165): ik anymore

[6/20/2022, 2:29:24 AM] lemo (27134575): M naah, u ugly, take pic off, that picture is disgusting

[6/20/2022, 2:29:28 AM] EZ🦅 (27361852): lemo how does he conquer all these bots

[6/20/2022, 2:29:35 AM] EZ🦅 (27361852): karma

[6/20/2022, 2:30:03 AM] M (13716165): i am already so bad

[6/20/2022, 2:30:11 AM] M (13716165): all same 

[6/20/2022, 2:30:25 AM] M (13716165): thatswhy no need

[6/20/2022, 2:30:33 AM] lemo (27134575): i dont know, but i know that he had ban for this. there is 2 guys behind this

[6/20/2022, 2:31:15 AM] M (13716165): go

[6/20/2022, 2:31:21 AM] EZ🦅 (27361852): lemo because I don't get your friend request 

[6/20/2022, 2:31:24 AM] EZ🦅 (27361852): ?

[6/20/2022, 2:31:31 AM] lemo (27134575): i sent 

[6/20/2022, 2:32:02 AM] EZ🦅 (27361852): AA ok

[6/20/2022, 2:32:14 AM] EZ🦅 (27361852): thank you 

[6/20/2022, 2:32:18 AM] lemo (27134575): EZ where r u from

[6/20/2022, 2:32:30 AM] EZ🦅 (27361852): Entities to play?

[6/20/2022, 2:32:43 AM] EZ🦅 (27361852): Italy

[6/20/2022, 2:33:07 AM] EZ🦅 (27361852): and you?

[6/20/2022, 2:33:14 AM] lemo (27134575): nice one. Latvia

[6/20/2022, 2:33:31 AM] M (13716165): i have latvian friends

[6/20/2022, 2:33:56 AM] lemo (27134575): I have italian friends too

[6/20/2022, 2:35:10 AM] EZ🦅 (27361852): karma you are a big cheater

