[6/20/2022, 6:44:56 PM] Swag? (90854): Trickz my idol #1*

[6/20/2022, 6:44:59 PM] perky (26473724): force ken

[6/20/2022, 6:45:08 PM] ken (2881023): wym

[6/20/2022, 6:45:10 PM] perky (26473724): nyannity 

[6/20/2022, 6:45:11 PM] Swag? (90854): Trickz my idol #1*

[6/20/2022, 6:45:22 PM] perky (26473724): you’re friends with mayhem?

[6/20/2022, 6:45:28 PM] ken (2881023): who is that

[6/20/2022, 6:46:09 PM] dock (23059019): inservible 

[6/20/2022, 6:46:20 PM] DilanAsb (2122545): :0

[6/20/2022, 6:46:26 PM] perky (26473724): nice skin

[6/20/2022, 6:46:31 PM] dock (23059019): nyaaa

[6/20/2022, 6:46:36 PM] DilanAsb (2122545): gracias ☺️

[6/20/2022, 6:46:37 PM] dock (23059019): i am bro

[6/20/2022, 6:46:38 PM] perky (26473724): i love cat pics lmao

[6/20/2022, 6:46:45 PM] DilanAsb (2122545): ❣️

[6/20/2022, 6:46:45 PM] perky (26473724): i dont like having them tho

[6/20/2022, 6:46:50 PM] DilanAsb (2122545): español:((

[6/20/2022, 6:46:56 PM] Samiam (11493315): cats are the best animals

[6/20/2022, 6:47:03 PM] perky (26473724): no habla espanol =(

[6/20/2022, 6:47:18 PM] Swag? (90854): A el le gustan fotos de gatos

[6/20/2022, 6:47:28 PM] Swag? (90854): i gotchu perky

[6/20/2022, 6:47:30 PM] dock (23059019): hHaha

[6/20/2022, 6:47:32 PM] perky (26473724): nyaanity 

[6/20/2022, 6:47:45 PM] dock (23059019): I love hacker give mas free me

[6/20/2022, 6:47:59 PM] Swag? (90854): Docks 

[6/20/2022, 6:48:03 PM] dock (23059019): ?

[6/20/2022, 6:48:08 PM] Swag? (90854): You are a wannabe mod

[6/20/2022, 6:48:16 PM] perky (26473724): docks 

[6/20/2022, 6:48:18 PM] slash (18205584): 🤣

[6/20/2022, 6:48:20 PM] Swag? (90854): you just said something i can ss 

[6/20/2022, 6:48:23 PM] dock (23059019): I am a complainant 

[6/20/2022, 6:48:24 PM] perky (26473724): why you hate me 

[6/20/2022, 6:48:54 PM] Samiam (11493315): yall are abunch of niggers

[6/20/2022, 6:48:55 PM] DilanAsb (2122545): bye

[6/20/2022, 6:49:02 PM] Samiam (11493315): faggot ass bitches

[6/20/2022, 6:49:03 PM] perky (26473724): adios 

[6/20/2022, 6:49:17 PM] Samiam (11493315): yall needa commit suicide

[6/20/2022, 6:49:21 PM] dock (23059019): I am a complainant 

[6/20/2022, 6:49:21 PM] perky (26473724): ikr

[6/20/2022, 6:49:34 PM] perky (26473724): sam ima drink myself to death on cam 

[6/20/2022, 6:49:43 PM] perky (26473724): how much you think ima be able to drink

[6/20/2022, 6:50:02 PM] perky (26473724): i weigh 160 nd 6’1

[6/20/2022, 6:50:51 PM] perky (26473724): i think i can handle about 10 4 lokos

[6/20/2022, 6:51:07 PM] ⠀ ⠀ ⠀ (2877146): hola

[6/20/2022, 6:51:20 PM] trey (4079053): hola amor🙄

[6/20/2022, 6:52:01 PM] ⠀ ⠀ ⠀ (2877146): quién cw

[6/20/2022, 6:52:07 PM] ⠀ ⠀ ⠀ (2877146): me aburro 

[6/20/2022, 6:52:11 PM] Swag? (90854): nyannity you gonna break the record

[6/20/2022, 6:53:10 PM] trey (4079053): docks riding this nigga dick heavy😂

[6/20/2022, 6:53:56 PM] ⠀ ⠀ ⠀ (2877146): fr

[6/20/2022, 6:54:46 PM] dock (23059019): no nyAAAA GIVE YOU

[6/20/2022, 6:54:50 PM] dock (23059019): no kill

[6/20/2022, 6:54:57 PM] ⠀ ⠀ ⠀ (2877146): stfu 

[6/20/2022, 6:56:36 PM] ⠀ ⠀ ⠀ (2877146): bro sucks 

[6/20/2022, 6:57:00 PM] perky (26473724): why docks type like a child

[6/20/2022, 6:58:51 PM] ⠀ ⠀ ⠀ (2877146): damn

[6/20/2022, 7:00:06 PM] ⠀ ⠀ ⠀ (2877146): nigga teaming w docks

[6/20/2022, 7:00:07 PM] ⠀ ⠀ ⠀ (2877146): 💀

[6/20/2022, 7:00:14 PM] trey (4079053): 😂

[6/20/2022, 7:00:50 PM] oct (22230571): nigga really got some slaves

[6/20/2022, 7:02:04 PM] ⠀ ⠀ ⠀ (2877146): get fuucked docks 

[6/20/2022, 7:02:06 PM] ⠀ ⠀ ⠀ (2877146): 🤣🤣

[6/20/2022, 7:02:10 PM] ken (2881023): dock 

[6/20/2022, 7:02:10 PM] ᴬʳⁱˢᵉⁿ (14061443): docks is too easy, its just nya is cheating lmao

[6/20/2022, 7:02:17 PM] trey (4079053): bot stay feedin him

[6/20/2022, 7:02:17 PM] oct (22230571): nah this nigga shoots fast as shit

[6/20/2022, 7:02:28 PM] Samiam (11493315): bitch

[6/20/2022, 7:02:39 PM] trey (4079053): on e nya leaves docks gon leave 2 cause he ass w out him😂

[6/20/2022, 7:02:44 PM] ⠀ ⠀ ⠀ (2877146): 🤣🤣🤣

[6/20/2022, 7:02:49 PM] trey (4079053): once*

[6/20/2022, 7:02:58 PM] Samiam (11493315): nyan is a dogshit hacker

[6/20/2022, 7:03:06 PM] oct (22230571): 💀

[6/20/2022, 7:03:10 PM] Samiam (11493315): hack these nuts in your mouth

[6/20/2022, 7:03:13 PM] ⠀ ⠀ ⠀ (2877146): hes underaged 

[6/20/2022, 7:03:21 PM] oct (22230571): damn exposed

[6/20/2022, 7:03:27 PM] ᴬʳⁱˢᵉⁿ (14061443): docks just got shit on by a bot 😂

[6/20/2022, 7:03:32 PM] ⠀ ⠀ ⠀ (2877146): 🤣🤣🤣🤣

[6/20/2022, 7:03:36 PM] Samiam (11493315): bitch ass niggers

[6/20/2022, 7:03:45 PM] trey (4079053): daniela can i put my nuts in yo mouth?😅

[6/20/2022, 7:03:56 PM] Samiam (11493315): trey dont got any

[6/20/2022, 7:04:02 PM] ken (2881023): shit kinda coo to see

[6/20/2022, 7:04:22 PM] Samiam (11493315): thats not even good hacking

[6/20/2022, 7:04:24 PM] oct (22230571): i think he on a pc

[6/20/2022, 7:04:29 PM] oct (22230571): lmk

[6/20/2022, 7:04:37 PM] ken (2881023): if he made the script then yuh

[6/20/2022, 7:04:40 PM] Samiam (11493315): i can hack there families bank information and make them bankrupt

[6/20/2022, 7:04:49 PM] ken (2881023): and depending what he made for the game then yuh

[6/20/2022, 7:04:56 PM] ken (2881023): sam you just cant 

[6/20/2022, 7:05:00 PM] Samiam (11493315): i just can

[6/20/2022, 7:05:11 PM] ken (2881023): so you sim swap?

[6/20/2022, 7:05:16 PM] Samiam (11493315): i can do worse

[6/20/2022, 7:05:19 PM] Doof OT (25898255): he has an adroid he just downlods a apk

[6/20/2022, 7:05:19 PM] Samiam (11493315): but i wont

[6/20/2022, 7:05:22 PM] ken (2881023): 💀

[6/20/2022, 7:05:29 PM] Samiam (11493315): they did nothing to me so

[6/20/2022, 7:05:41 PM] Samiam (11493315): yeah its a android user

[6/20/2022, 7:05:44 PM] ken (2881023): sam you just cant do worse 

[6/20/2022, 7:05:51 PM] Samiam (11493315): i just can

[6/20/2022, 7:06:02 PM] trey (4079053): hes indian

[6/20/2022, 7:06:06 PM] ken (2881023): free xp for me i aint complaining 

[6/20/2022, 7:06:12 PM] Samiam (11493315): im experienced with computer science bud

[6/20/2022, 7:06:16 PM] Doof OT (25898255): the creator of this game cant code for shit tbh

[6/20/2022, 7:06:23 PM] oct (22230571): for sure

[6/20/2022, 7:06:24 PM] Samiam (11493315): i can re code this whole game 

[6/20/2022, 7:06:28 PM] Samiam (11493315): shits ass

[6/20/2022, 7:06:30 PM] ken (2881023): sam what coding lang you know

[6/20/2022, 7:06:31 PM] zero (1689593): dock you good bruh

[6/20/2022, 7:06:45 PM] Samiam (11493315): why do i need to tell you anything at all

[6/20/2022, 7:06:56 PM] dock (23059019): sorry

[6/20/2022, 7:07:02 PM] ken (2881023): cause im going to school for it lol

[6/20/2022, 7:07:08 PM] Doof OT (25898255): what kinda security it has ? is it hackable

[6/20/2022, 7:07:09 PM] Samiam (11493315): computer science?

[6/20/2022, 7:07:19 PM] ⠀ ⠀ ⠀ (2877146): trash ass nigga

[6/20/2022, 7:07:21 PM] ⠀ ⠀ ⠀ (2877146): 🤣🤣🤣

[6/20/2022, 7:07:25 PM] dock (23059019): nyaaa

[6/20/2022, 7:07:29 PM] ken (2881023): what coding lang do you know tho

[6/20/2022, 7:07:31 PM] dock (23059019): nyaaa why discord?

[6/20/2022, 7:07:37 PM] dock (23059019): give u

[6/20/2022, 7:07:44 PM] Doof OT (25898255): lil beaner girls stay sayin nigga on here😂

[6/20/2022, 7:07:50 PM] Samiam (11493315): 💀💀

[6/20/2022, 7:07:54 PM] oct (22230571): shits funny

[6/20/2022, 7:07:57 PM] ken (2881023): who doof

[6/20/2022, 7:08:04 PM] Doof OT (25898255): no name

[6/20/2022, 7:08:09 PM] ⠀ ⠀ ⠀ (2877146): and?

[6/20/2022, 7:08:22 PM] Doof OT (25898255): ain on it irl

[6/20/2022, 7:08:27 PM] trey (4079053): chill on her

[6/20/2022, 7:08:31 PM] ⠀ ⠀ ⠀ (2877146): who cares

[6/20/2022, 7:08:32 PM] ⠀ ⠀ ⠀ (2877146): stfu 

[6/20/2022, 7:08:34 PM] Samiam (11493315): nyaanity needs to hack my nutsack into there mouth tho

[6/20/2022, 7:08:40 PM] Samiam (11493315): no cap

[6/20/2022, 7:08:40 PM] ᦔᥲꫝ (27259564): wsg

[6/20/2022, 7:08:51 PM] Samiam (11493315): not even a hacker 

[6/20/2022, 7:08:55 PM] Doof OT (25898255): im black and its offensive to our race

[6/20/2022, 7:08:59 PM] Doof OT (25898255): its racist

[6/20/2022, 7:09:01 PM] Samiam (11493315): nigerian

[6/20/2022, 7:09:02 PM] Swag? (90854): nebulous.iо

[6/20/2022, 7:09:06 PM] Swag? (90854): **** yall

[6/20/2022, 7:09:10 PM] Samiam (11493315): fuc me

[6/20/2022, 7:09:10 PM] Swag? (90854): im God

[6/20/2022, 7:09:14 PM] Ɗɛɑʈɦالموت (3791919): I jus came on these niggas i cannot complain, they be sucking bro dick all day ona game😩😩

[6/20/2022, 7:09:17 PM] Samiam (11493315): ur a penís

[6/20/2022, 7:09:22 PM] ⠀ ⠀ ⠀ (2877146): k so block me and everything ok

[6/20/2022, 7:09:27 PM] Doof OT (25898255): death

[6/20/2022, 7:09:28 PM] ⠀ ⠀ ⠀ (2877146): 🙂

[6/20/2022, 7:09:29 PM] Swag? (90854): nebulous.iо

[6/20/2022, 7:09:29 PM] Samiam (11493315): poopy ass eaters

[6/20/2022, 7:09:32 PM] Swag? (90854): nebulous.iо

[6/20/2022, 7:09:33 PM] Doof OT (25898255): we got a racist

[6/20/2022, 7:09:33 PM] Swag? (90854): nebulous.iо

[6/20/2022, 7:09:35 PM] ᦔᥲꫝ (27259564): swag dont speak these falacies child

[6/20/2022, 7:09:35 PM] ꪻꪱꪀ (26897817): dmn how does this hacker keep coming back

[6/20/2022, 7:09:36 PM] Swag? (90854): nebulous.iо

[6/20/2022, 7:09:40 PM] Ɗɛɑʈɦالموت (3791919): wsg doooofff

[6/20/2022, 7:09:41 PM] Swag? (90854): nebulous.iо

[6/20/2022, 7:09:47 PM] Doof OT (25898255): wsg shorty

[6/20/2022, 7:09:50 PM] Ɗɛɑʈɦالموت (3791919): who?👀

