[6/20/2022, 11:43:33 AM] ㅤㅤㅤㅤㅤㅤ (21207237): pardn abi

[6/20/2022, 11:46:49 AM] Minki (20281951): brhu why

[6/20/2022, 11:52:19 AM] ‌‌‌ (17949685): sry

[6/20/2022, 11:54:47 AM] ‌‌‌ (17949685): пиздец 

[6/20/2022, 11:54:55 AM] ‌‌‌ (17949685): заебали уже эти читеры ебаные 

[6/20/2022, 11:56:21 AM] Killex (17543349): hahaha ntino einai anikitos

[6/20/2022, 11:56:22 AM] ICQ:1337 (1964596): сука

[6/20/2022, 11:56:27 AM] Killex (17543349): exei 5 bots

[6/20/2022, 11:56:31 AM] Killex (17543349): ton taisoun

[6/20/2022, 11:57:38 AM] HABIBI (6043651): ποιος εισαι ρε

[6/20/2022, 11:58:07 AM] ‌‌‌ (17949685): да 

[6/20/2022, 11:58:10 AM] ‌‌‌ (17949685): сорян 

[6/20/2022, 11:58:16 AM] HABIBI (6043651): θα τον γαμισω

[6/20/2022, 11:58:19 AM] ‌‌‌ (17949685): ye

[6/20/2022, 11:58:56 AM] Killex (17543349): prospathw posinora

[6/20/2022, 11:59:24 AM] HABIBI (6043651): σπαε τον

[6/20/2022, 11:59:26 AM] HABIBI (6043651): μονο

[6/20/2022, 12:00:12 PM] ‌‌‌ (17949685): пиздец 

[6/20/2022, 12:00:20 PM] ‌‌‌ (17949685): cheater

[6/20/2022, 12:01:10 PM] HABIBI (6043651): χαχα

[6/20/2022, 12:01:15 PM] Killex (17543349): mt

[6/20/2022, 12:01:18 PM] Killex (17543349): mf

[6/20/2022, 12:01:30 PM] ‌‌‌ (17949685): я его нахуй сейчас в жопу трахать буду

[6/20/2022, 12:01:34 PM] ‌‌‌ (17949685): массу мне

[6/20/2022, 12:01:46 PM] ICQ:1337 (1964596): окей

[6/20/2022, 12:02:26 PM] ‌‌‌ (17949685): пиздец 

[6/20/2022, 12:02:35 PM] ‌‌‌ (17949685): конечно нахуй 

[6/20/2022, 12:02:49 PM] ‌‌‌ (17949685): сколько у него конченных кормильцев

[6/20/2022, 12:04:28 PM] ICQ:1337 (1964596): let's kill the ****ing bot

[6/20/2022, 12:05:02 PM] HABIBI (6043651): νhe has more than 10 feed

[6/20/2022, 12:05:08 PM] Killex (17543349): all feed me

[6/20/2022, 12:05:34 PM] ‌‌‌ (17949685): дв блять 

[6/20/2022, 12:05:38 PM] ‌‌‌ (17949685): это пиздец 

[6/20/2022, 12:05:46 PM] ㅤㅤㅤㅤB (3685932): Дебил

[6/20/2022, 12:05:52 PM] ㅤㅤㅤㅤB (3685932): Привет

[6/20/2022, 12:05:52 PM] ‌‌‌ (17949685): ye

[6/20/2022, 12:05:59 PM] ‌‌‌ (17949685): сам дебил 

[6/20/2022, 12:06:00 PM] ‌‌‌ (17949685): привет 

[6/20/2022, 12:06:05 PM] ㅤㅤㅤㅤB (3685932): Как дела

[6/20/2022, 12:06:09 PM] ‌‌‌ (17949685): пойдёт 

[6/20/2022, 12:06:11 PM] ‌‌‌ (17949685): твои как

[6/20/2022, 12:06:18 PM] Killex (17543349): call ronnie fo join

[6/20/2022, 12:06:19 PM] ㅤㅤㅤㅤB (3685932): СОЙДЕТ

[6/20/2022, 12:06:21 PM] Killex (17543349): hammad

[6/20/2022, 12:06:24 PM] ‌‌‌ (17949685): all feed killex

[6/20/2022, 12:06:25 PM] ICQ:1337 (1964596): сука дудоси меня 

[6/20/2022, 12:06:34 PM] ICQ:1337 (1964596): только меня аааа

[6/20/2022, 12:06:34 PM] ‌‌‌ (17949685): почему? 

[6/20/2022, 12:06:46 PM] ㅤㅤㅤㅤB (3685932): Девил 

[6/20/2022, 12:06:46 PM] HABIBI (6043651): pantazi

[6/20/2022, 12:09:04 PM] Killex (17543349): mf splits 8 times

[6/20/2022, 12:09:18 PM] Killex (17543349): just let him play with his bots

[6/20/2022, 12:09:30 PM] Killex (17543349): everyone stop playing

[6/20/2022, 12:09:34 PM] Killex (17543349): its not fun

[6/20/2022, 12:09:41 PM] HABIBI (6043651): yen

[6/20/2022, 12:09:48 PM] HABIBI (6043651): leave all

[6/20/2022, 12:09:51 PM] HABIBI (6043651): bye

[6/20/2022, 12:10:09 PM] ICQ:1337 (1964596): АААААААААААААААААААААААААААААААААА

[6/20/2022, 12:10:18 PM] HABIBI (6043651): malaka ti kanoyne

[6/20/2022, 12:10:25 PM] Killex (17543349): hahahhah

[6/20/2022, 12:10:45 PM] ‌‌‌ (17949685): hahaha

[6/20/2022, 12:10:47 PM] Killex (17543349): he is trash

[6/20/2022, 12:10:51 PM] ‌‌‌ (17949685): ye

[6/20/2022, 12:11:44 PM] Killex (17543349): devil come other server

[6/20/2022, 12:12:42 PM] ‌‌‌ (17949685): what

