[6/20/2022, 12:23:37 PM] hunter pc (14932381): hack report 

[6/20/2022, 12:24:28 PM] melli (5305293): bune ya

[6/20/2022, 12:28:05 PM] M (13716165): hile

[6/20/2022, 12:28:50 PM] Σχѕтαѕу (8451876): pop him

[6/20/2022, 12:31:32 PM] Σχѕтαѕу (8451876): who hack?

[6/20/2022, 12:32:00 PM] FREE TIBET (20663714): fire guy

[6/20/2022, 12:32:09 PM] Σχѕтαѕу (8451876): ali. nab

[6/20/2022, 12:33:00 PM] AreS RR (1439221): wait wai

[6/20/2022, 12:33:02 PM] AreS RR (1439221): mod

[6/20/2022, 12:33:10 PM] Σχѕтαѕу (8451876): ares ali hack

[6/20/2022, 12:33:13 PM] Σχѕтαѕу (8451876): nab

[6/20/2022, 12:33:27 PM] AreS RR (1439221): if mod see

[6/20/2022, 12:33:33 PM] AreS RR (1439221): mod wil ban hem haha

[6/20/2022, 12:33:48 PM] 7 (9502421): holy shit

[6/20/2022, 12:33:52 PM] 7 (9502421): thats new

[6/20/2022, 12:33:55 PM] Σχѕтαѕу (8451876): its not

[6/20/2022, 12:34:14 PM] 7 (9502421): so weird

[6/20/2022, 12:35:17 PM] AreS RR (1439221): fuks

[6/20/2022, 12:35:22 PM] ℳ             ꨄ︎ (27696912): areessss robot

[6/20/2022, 12:35:26 PM] ℳ             ꨄ︎ (27696912): 😂😂

[6/20/2022, 12:35:28 PM] AreS RR (1439221): man

[6/20/2022, 12:35:29 PM] 7 (9502421): how could he do that

[6/20/2022, 12:35:31 PM] 🔥 (9177656): Ares come

[6/20/2022, 12:35:38 PM] hunter pc (14932381): ban ban

[6/20/2022, 12:35:43 PM] hunter pc (14932381): ban forever

[6/20/2022, 12:35:53 PM] FREE TIBET (20663714): yes 

[6/20/2022, 12:36:07 PM] Σχѕтαѕу (8451876): ares win?

[6/20/2022, 12:36:19 PM] AreS RR (1439221): no

[6/20/2022, 12:36:27 PM] FREE TIBET (20663714): no, fire guy gave him mass

[6/20/2022, 12:36:37 PM] Σχѕтαѕу (8451876): ali nab

[6/20/2022, 12:38:06 PM] hunter pc (14932381): report ares now

[6/20/2022, 12:38:13 PM] Killex (17543349): ares feels good with his bots

[6/20/2022, 12:38:14 PM] AreS RR (1439221): 😂

[6/20/2022, 12:38:16 PM] 🔥 (9177656): ares 😅😅

[6/20/2022, 12:38:18 PM] AreS RR (1439221): not my bots

[6/20/2022, 12:38:28 PM] hunter pc (14932381): report forhack 

[6/20/2022, 12:38:30 PM] FREE TIBET (20663714): but he doesnt use it

[6/20/2022, 12:38:31 PM] M (13716165): ur bots

[6/20/2022, 12:38:32 PM] 🔥 (9177656): 🤔

[6/20/2022, 12:38:32 PM] hunter pc (14932381): lol

[6/20/2022, 12:38:33 PM] M (13716165): ares

[6/20/2022, 12:38:37 PM] AreS RR (1439221): no lol

[6/20/2022, 12:38:40 PM] AreS RR (1439221): i zwear 

[6/20/2022, 12:38:41 PM] AreS RR (1439221): 😂

[6/20/2022, 12:38:44 PM] hunter pc (14932381): i make i video

[6/20/2022, 12:38:55 PM] Killex (17543349): lol

[6/20/2022, 12:38:56 PM] AreS RR (1439221): ali stop bro

[6/20/2022, 12:38:58 PM] AreS RR (1439221): rr

[6/20/2022, 12:39:14 PM] AreS RR (1439221): h pc go sleep kid

[6/20/2022, 12:39:16 PM] 🔥 (9177656): what

[6/20/2022, 12:39:18 PM] 🔥 (9177656): 🤔

[6/20/2022, 12:39:20 PM] hunter pc (14932381): report for hack ares

