[6/26/2022, 5:16:58 PM] coco (9349969): msmsmmm

[6/26/2022, 5:17:02 PM] coco (9349969): confuso 

[6/26/2022, 5:17:08 PM] coco (9349969): rraro pero cierto 

[6/26/2022, 5:17:09 PM] AUni (14029268): son ****os

[6/26/2022, 5:17:37 PM] coco (9349969): ?????

[6/26/2022, 5:17:38 PM] coco (9349969): que

[6/26/2022, 5:17:45 PM] coco (9349969): volvieron otros ahora disque banners

[6/26/2022, 5:17:55 PM] coco (9349969): no entiendo tenia años que no jugana no hace mucho volvi

[6/26/2022, 5:18:42 PM] 궁 (23059019): mb

[6/26/2022, 5:21:32 PM] 궁 (23059019): beto

[6/26/2022, 5:21:39 PM] 궁 (23059019): como ves a senAna

[6/26/2022, 5:22:50 PM] ◥◣۞◢◤ (8751467): quién es ese o esa?

[6/26/2022, 5:23:33 PM] coco (9349969): yo?

[6/26/2022, 5:23:43 PM] coco (9349969): me debiste ver jugando em una cuenta lvl 70

[6/26/2022, 5:24:34 PM] 궁 (23059019): es una de .i clan

[6/26/2022, 5:24:45 PM] 궁 (23059019): pero no sabe que es de mi clan xd

[6/26/2022, 5:25:01 PM] ◥◣۞◢◤ (8751467): xd

[6/26/2022, 5:25:11 PM] 궁 (23059019): seEna

[6/26/2022, 5:25:13 PM] 궁 (23059019): ella

[6/26/2022, 5:26:39 PM] 궁 (23059019): oye

[6/26/2022, 5:26:46 PM] 궁 (23059019): ahira te paso Spotify 

[6/26/2022, 5:27:05 PM] ◥◣۞◢◤ (8751467): Dale 

[6/26/2022, 5:28:18 PM] 궁 (23059019): asi si jugaria todos los dias xd

