[6/26/2022, 4:55:44 PM] ◥◣۞◢◤ (8751467): Hey

[6/26/2022, 4:55:48 PM] ◥◣۞◢◤ (8751467): Hey

[6/26/2022, 4:56:42 PM] ‏‏‎ ‎ (21312362): wsg foos

[6/26/2022, 4:57:07 PM] ◥◣۞◢◤ (8751467): Discord

[6/26/2022, 4:57:16 PM] ‏‏‎ ‎ (21312362): wtf is happening

[6/26/2022, 4:57:31 PM] ◥◣۞◢◤ (8751467): they are bots

[6/26/2022, 4:57:41 PM] ‏‏‎ ‎ (21312362): yes he scripted the

[6/26/2022, 4:57:43 PM] ‏‏‎ ‎ (21312362): them

[6/26/2022, 5:01:28 PM] Donkey Kong (22318991): again?

[6/26/2022, 5:01:40 PM] Donkey Kong (22318991): what the crap?

[6/26/2022, 5:01:51 PM] jio (21452839): what is this game mode

[6/26/2022, 5:01:54 PM] $lice (17186520): Es la segunda vez que miro a esos jugadores 

[6/26/2022, 5:02:22 PM] Donkey Kong (22318991): can they not figure out how to block this hack?

[6/26/2022, 5:02:26 PM] $lice (17186520): son bots de verdad?

[6/26/2022, 5:02:43 PM] 9d (20039352): its ez asf to script this game 

[6/26/2022, 5:02:55 PM] 9d (20039352): they dont care enough to fix it

[6/26/2022, 5:02:59 PM] jio (21452839): BETO **** U 

[6/26/2022, 5:03:01 PM] jio (21452839): nigga stop

[6/26/2022, 5:03:18 PM] Donkey Kong (22318991): b.s.

[6/26/2022, 5:03:57 PM] Cappuccino🔱 (23999171): BUSCO CLAN

[6/26/2022, 5:04:09 PM] $lice (17186520): xd

[6/26/2022, 5:04:14 PM] ‏‏‎ ‎ (21312362): feed me to kill discord

[6/26/2022, 5:04:14 PM] Ɖɘ͛ɳ͢εςɪʘʑ✧__ Ɗ1 (14930890): vamos a jugar 

[6/26/2022, 5:04:20 PM] $lice (17186520): a q xd

[6/26/2022, 5:04:26 PM] 9d (20039352): 💀

[6/26/2022, 5:04:30 PM] jio (21452839): if u kill beto

[6/26/2022, 5:04:32 PM] jio (21452839): ill feed u

[6/26/2022, 5:04:37 PM] Ɖɘ͛ɳ͢εςɪʘʑ✧__ Ɗ1 (14930890): vs

[6/26/2022, 5:04:41 PM] $lice (17186520): smn dale

[6/26/2022, 5:05:26 PM] ‏‏‎ ‎ (21312362): how did that nigga open chat and see my text

[6/26/2022, 5:12:58 PM] Donkey Kong (22318991): anyone want to play on the "west server" until this bozo hacker gets bored and leaves?

[6/26/2022, 5:14:11 PM] Donkey Kong (22318991): impossible to win here

[6/26/2022, 5:14:40 PM] coco (9349969): na

[6/26/2022, 5:14:44 PM] coco (9349969): no creo

[6/26/2022, 5:14:49 PM] coco (9349969): explotar 

