[6/28/2022, 8:30:24 PM] perky (26473724): so nyaanity what would you want to rat noot 

[6/28/2022, 8:33:04 PM] ‎‎ (22272115): get fcked

[6/28/2022, 8:34:40 PM] perky (26473724): oooo cam

[6/28/2022, 8:34:47 PM] Cam (22036843): sup

[6/28/2022, 8:34:59 PM] perky (26473724): hows your asshole doing?

[6/28/2022, 8:35:11 PM] Cam (22036843): bro what😂😂

[6/28/2022, 8:35:24 PM] perky (26473724): pwym what weve been dating for like 99 years now

[6/28/2022, 8:35:37 PM] Cam (22036843): bro 😭

[6/28/2022, 8:36:45 PM] perky (26473724): wym

[6/28/2022, 8:36:52 PM] perky (26473724): can you not read my name or sum

[6/28/2022, 8:36:59 PM] Cam (22036843): are these bots?

[6/28/2022, 8:37:02 PM] Cam (22036843): wth

[6/28/2022, 8:37:23 PM] x (27259564): lmao

[6/28/2022, 8:37:50 PM] Cam (22036843): tf happened to this game

[6/28/2022, 8:38:28 PM] 0x6e796161 (28227826): do they look like normal users to u or what?

[6/28/2022, 8:38:33 PM] perky (26473724): lmfao

[6/28/2022, 8:38:56 PM] Cam (22036843): Ima dip before stuff goes down 

[6/28/2022, 8:39:03 PM] 2Swag? (90854): Nyannity how much $ you want?

[6/28/2022, 8:39:12 PM] 0x6e796161 (28227826): for?

[6/28/2022, 8:39:24 PM] ken (2881023): nyan help me get my 7500 score

[6/28/2022, 8:39:28 PM] 2Swag? (90854): You know what 

[6/28/2022, 8:39:35 PM] 0x6e796161 (28227826): make offer

[6/28/2022, 8:39:50 PM] 2Swag? (90854): Didnt you read your discord

[6/28/2022, 8:40:10 PM] ken (2881023): jah i need my score

[6/28/2022, 8:40:24 PM] perky (26473724): its crowded asf

[6/28/2022, 8:40:31 PM] ken (2881023): wsh perky

[6/28/2022, 8:40:31 PM] 0x6e796161 (28227826): how much u gonna pay?

[6/28/2022, 8:40:33 PM] ken (2881023): wsg

[6/28/2022, 8:40:37 PM] x (27259564): wsp

[6/28/2022, 8:40:39 PM] perky (26473724): yo wsp ken 

[6/28/2022, 8:41:06 PM] 0x6e796161 (28227826): i don't do no prices

[6/28/2022, 8:41:19 PM] ken (2881023): jah

[6/28/2022, 8:41:31 PM] perky (26473724): ill make the rat ffs 

[6/28/2022, 8:41:40 PM] 2Swag? (90854): then if you dont want money then what favor cam we do

[6/28/2022, 8:41:44 PM] ken (2881023): i got a file already

[6/28/2022, 8:41:48 PM] perky (26473724): oh

[6/28/2022, 8:41:52 PM] 2Swag? (90854): Oh

[6/28/2022, 8:41:55 PM] perky (26473724): does it get camera feed?

[6/28/2022, 8:42:04 PM] perky (26473724): i wanna catch him jerking off 

[6/28/2022, 8:42:07 PM] ken (2881023): it webhooks the whole computer

[6/28/2022, 8:42:11 PM] 2Swag? (90854): Lmao

[6/28/2022, 8:42:15 PM] perky (26473724): nice

[6/28/2022, 8:42:20 PM] 0x6e796161 (28227826): ? r u even reading my msgs properly? lmao

[6/28/2022, 8:42:21 PM] 2Swag? (90854): I seen his ex i think 

[6/28/2022, 8:42:29 PM] 2Swag? (90854): On face book

[6/28/2022, 8:42:29 PM] 0x6e796161 (28227826): i take money, but i set no price

[6/28/2022, 8:42:37 PM] x (27259564): dis 

[6/28/2022, 8:42:49 PM] x (27259564): dis makin me feel nolstalgic

[6/28/2022, 8:42:49 PM] ken (2881023): nigga someone help me get my score

[6/28/2022, 8:42:52 PM] 2Swag? (90854): Yeah yeah its too lqte ken already have it

[6/28/2022, 8:43:05 PM] perky (26473724): ken op

[6/28/2022, 8:43:10 PM] 0x6e796161 (28227826): there r bunch o open src prjcts on github that perky dude could get u

[6/28/2022, 8:43:13 PM] 0x6e796161 (28227826): ye

[6/28/2022, 8:43:29 PM] 0x6e796161 (28227826): or ken idc lol

[6/28/2022, 8:43:44 PM] ken (2881023): a dude thats been coding for over 20+ years coded it

[6/28/2022, 8:43:56 PM] perky (26473724): only problem is he trusts nyannity 

[6/28/2022, 8:44:01 PM] perky (26473724): he dont trust anyone else 

[6/28/2022, 8:44:06 PM] 2Swag? (90854): Well im just a bystander so im not the one really the leader over this 

[6/28/2022, 8:44:07 PM] perky (26473724): hes like obsessed w you

[6/28/2022, 8:44:33 PM] ken (2881023): lol

[6/28/2022, 8:44:35 PM] ken (2881023): brb

[6/28/2022, 8:44:43 PM] 2Swag? (90854): Noot tryna act like you lmao

[6/28/2022, 8:44:55 PM] perky (26473724): he wants to be me so bad

[6/28/2022, 8:44:55 PM] 2Swag? (90854): i remember him saying that

[6/28/2022, 8:45:39 PM] octo (22230571): nigga wtf is this

[6/28/2022, 8:45:43 PM] octo (22230571): 💀

[6/28/2022, 8:45:46 PM] perky (26473724): your mom

[6/28/2022, 8:46:31 PM] octo (22230571): darkypoo

[6/28/2022, 8:47:20 PM] x (27259564): boutta murder the entire lobby

[6/28/2022, 8:47:41 PM] 0x6e796161 (28227826): fck

[6/28/2022, 8:47:46 PM] 0x6e796161 (28227826): k bye

