[6/29/2022, 5:46:09 PM] Cam (22036843): season ends in like 1-2 days

[6/29/2022, 5:46:21 PM] Road to lvl 1k (17430533): not if they g9 against 2nd place

[6/29/2022, 5:46:34 PM] Road to lvl 1k (17430533): im hond give me a fdw mins

[6/29/2022, 5:46:36 PM] Cam (22036843): second is over 1000 behind

[6/29/2022, 5:46:41 PM] Cam (22036843): almost impossible

[6/29/2022, 5:47:00 PM] Rizz (15240087): I have to take a shit

[6/29/2022, 5:47:12 PM] Samiam (11493315): i need to pee

[6/29/2022, 5:47:16 PM] Rizz (15240087): oop

[6/29/2022, 5:47:23 PM] Cam (22036843): certifieds in second for 3’s and fourth for 5’s

[6/29/2022, 5:47:37 PM] Cam (22036843): you guys can easily take first in both those today

[6/29/2022, 5:47:42 PM] Cam (22036843): if you find a clan to do it against

[6/29/2022, 5:48:25 PM] Cam (22036843): why tf are there bots

[6/29/2022, 5:48:36 PM] Samiam (11493315): modder

[6/29/2022, 5:49:04 PM] Road to lvl 1k (17430533): im ready

[6/29/2022, 5:49:13 PM] Cam (22036843): bet

[6/29/2022, 5:49:23 PM] Road to lvl 1k (17430533): make server

[6/29/2022, 5:49:24 PM] Cam (22036843): lets get outta here before a mod comes or sum

[6/29/2022, 5:49:27 PM] Cam (22036843): bet

[6/29/2022, 5:49:35 PM] Road to lvl 1k (17430533): No mods gonna come

[6/29/2022, 5:49:47 PM] Road to lvl 1k (17430533): if they do we blaming on noot the skid

[6/29/2022, 5:50:50 PM] tokyo. (18631001): ****in niggers

[6/29/2022, 5:51:50 PM] tokyo. (18631001): certified faggot activites

[6/29/2022, 5:52:05 PM] MonCleezy (28338348): noot a bitch ass nigga

[6/29/2022, 5:54:07 PM] Nooot? (3754302): bitch 

[6/29/2022, 5:54:30 PM] Samiam (11493315): whomper

[6/29/2022, 5:56:15 PM] Nooot? (3754302): llaooo

[6/29/2022, 6:00:10 PM] Nooot? (3754302): lol

[6/29/2022, 6:00:23 PM] Dark (54466): wyd?

[6/29/2022, 6:00:25 PM] Rizz (15240087): I'm back

[6/29/2022, 6:00:28 PM] Dark (54466): big man

[6/29/2022, 6:00:32 PM] Nooot? (3754302): idk

