[6/29/2022, 6:07:19 PM] Samiam (11493315): bros fatherless

[6/29/2022, 6:10:07 PM] Uozy (28214619): Samiam no life faggot

[6/29/2022, 6:10:16 PM] Blu (1822425): omg the feed bot guy is back in here lol 

[6/29/2022, 6:10:36 PM] Samiam (11493315): stay mad

[6/29/2022, 6:10:47 PM] Uozy (28214619): niggas 12 “stay mad”

[6/29/2022, 6:10:53 PM] Uozy (28214619): how original 

[6/29/2022, 6:10:58 PM] Samiam (11493315): bros a failed abortion

[6/29/2022, 6:11:09 PM] Uozy (28214619): such unknown insults

[6/29/2022, 6:11:25 PM] Samiam (11493315): u said “niggas 12” shits corny af

[6/29/2022, 6:11:29 PM] Uozy (28214619): how can someone come up with such a thing

[6/29/2022, 6:11:38 PM] Samiam (11493315): cuz you useless

[6/29/2022, 6:11:44 PM] Uozy (28214619): i am saying ur fs a 12 yr old

[6/29/2022, 6:11:50 PM] Samiam (11493315): ok

[6/29/2022, 6:11:59 PM] Uozy (28214619): lmfaoo smooth brain 

[6/29/2022, 6:12:09 PM] Samiam (11493315): ok

[6/29/2022, 6:12:11 PM] ❧ คгเรєภ (14061443): tokyo ill shit on u again if u dont stop

[6/29/2022, 6:12:26 PM] Uozy (28214619): retard goes on the internet and says everything is corny

[6/29/2022, 6:12:35 PM] Uozy (28214619): i know irl ur a whole ass loser

[6/29/2022, 6:12:41 PM] Samiam (11493315): cuz u are

[6/29/2022, 6:12:41 PM] Blu (1822425): who cares

[6/29/2022, 6:12:45 PM] Uozy (28214619): level 700 on a blob game 

[6/29/2022, 6:12:48 PM] Samiam (11493315): why this dude so mad 💀

[6/29/2022, 6:12:49 PM] Uozy (28214619): u should kys

[6/29/2022, 6:12:55 PM] Samiam (11493315): stay mad bud

[6/29/2022, 6:13:02 PM] Uozy (28214619): stay mad bud lmfao corny 

[6/29/2022, 6:13:10 PM] Uozy (28214619): do you say this irl 

[6/29/2022, 6:13:20 PM] ❧ คгเรєภ (14061443): uozy just stfu

[6/29/2022, 6:13:26 PM] Samiam (11493315): bro are you trying to roast me

[6/29/2022, 6:13:27 PM] Uozy (28214619): who is talking to u retard

[6/29/2022, 6:13:30 PM] Samiam (11493315): its not working

[6/29/2022, 6:13:37 PM] Uozy (28214619): “roast” holy shit how old are you

[6/29/2022, 6:13:40 PM] Blu (1822425): all of you stfu lol jeez its a game chill out

[6/29/2022, 6:13:48 PM] Samiam (11493315): bro is heated

[6/29/2022, 6:14:00 PM] Uozy (28214619): havent heard of that original insult

[6/29/2022, 6:14:09 PM] Samiam (11493315): ok

[6/29/2022, 6:14:23 PM] Samiam (11493315): ur irrelevant af so ill quit giving you attention

[6/29/2022, 6:14:31 PM] Blu (1822425): bruh is sage like comin back wtf

[6/29/2022, 6:14:44 PM] Uozy (28214619): retard is saying im irrelevant on neb 😭

[6/29/2022, 6:15:03 PM] Uozy (28214619): u should really end ur life if ur only attribute is being known on a blob game

