[7/4/2022, 2:47:26 PM] Speedbanana2 (12931552): because you hack 

[7/4/2022, 2:47:27 PM] Speedbanana2 (12931552): XD

[7/4/2022, 2:48:59 PM] Hunter pc (28215159): team? 

[7/4/2022, 2:54:00 PM] 🇷🇴TheVlad (17919548): guys left thia server 

[7/4/2022, 2:54:12 PM] 🇷🇴TheVlad (17919548): or the mods give all ban

[7/4/2022, 2:55:59 PM] Hunter pc (28215159): the feeling

[7/4/2022, 2:56:00 PM] cheeps prime (3351573): gosh

[7/4/2022, 2:57:10 PM] SPACE TECH. (26818173): чё за хрень

[7/4/2022, 2:57:29 PM] SPACE TECH. (26818173): ему боты всю массу дают

[7/4/2022, 2:57:40 PM] 777 (5835872): +

[7/4/2022, 2:57:41 PM] SPACE TECH. (26818173): это никого не смущает?

[7/4/2022, 2:57:42 PM] Hunter pc (28215159): это читы

[7/4/2022, 2:57:45 PM] Hunter pc (28215159): просто

[7/4/2022, 2:57:52 PM] SPACE TECH. (26818173): ага

[7/4/2022, 2:58:05 PM] ? (27984219): согласна.

[7/4/2022, 2:58:26 PM] Hunter pc (28215159): не знал что тут русские играют

[7/4/2022, 2:58:36 PM] ? (27984219): теперь знаешь

[7/4/2022, 2:58:36 PM] cheeps prime (3351573): это что то новое

[7/4/2022, 2:58:52 PM] cheeps prime (3351573): раньше такого не видел 

[7/4/2022, 2:59:12 PM] Hunter pc (28215159): читы называютса вроде Nebmod

[7/4/2022, 3:00:07 PM] ? (27984219): да, тут сразу всё видно.

[7/4/2022, 3:00:37 PM] 1 (28235518): угу

[7/4/2022, 3:00:51 PM] ? (27984219): ибо как это объяснить. там даже подписаны боты..

[7/4/2022, 3:01:14 PM] 1 (28235518): даже жб не кинуть

[7/4/2022, 3:05:12 PM] Arl (27393033): читер ебаный

[7/4/2022, 3:05:31 PM] ? (27984219): и как с такими играть..

[7/4/2022, 3:05:39 PM] ? (27984219): это невозможно.

[7/4/2022, 3:05:47 PM] 🦈 (11709401): wtf

[7/4/2022, 3:05:51 PM] Arl (27393033): через жопу играть вот как

[7/4/2022, 3:05:55 PM] 🦈 (11709401): 20 000

[7/4/2022, 3:06:09 PM] ? (27984219): ахахах, солидарна с вами))

[7/4/2022, 3:06:36 PM] ? (27984219): 20k, нет слов.

[7/4/2022, 3:07:09 PM] Arl (27393033): sry

[7/4/2022, 3:08:12 PM] 1 (28235518): попытаешся на другой, на этот кидают

[7/4/2022, 3:08:30 PM] 🇹🇷AZE🇦🇿 (27424627):  how is this 20 000

[7/4/2022, 3:09:33 PM] 1 (28235518): арл давай

[7/4/2022, 3:09:45 PM] 🦈 (11709401): yes 20 000

[7/4/2022, 3:09:57 PM] ? (27984219): he has cheats

[7/4/2022, 3:10:05 PM] 🦈 (11709401): because several people give him food

[7/4/2022, 3:10:06 PM] 1 (28235518): он сможет?

[7/4/2022, 3:11:23 PM] 1 (28235518): давай ты сможешь

[7/4/2022, 3:12:34 PM] 1 (28235518): 😖

[7/4/2022, 3:13:00 PM] ? (27984219): :(

[7/4/2022, 3:13:20 PM] 🦈 (11709401): **** the cheat

[7/4/2022, 3:13:32 PM] 1 (28235518): кому отдавать?

[7/4/2022, 3:15:14 PM] 1 (28235518): sorry

[7/4/2022, 3:15:27 PM] -🙂 (28314840): thats feeling

[7/4/2022, 3:15:34 PM] -🙂 (28314840): yr like old player

[7/4/2022, 3:16:09 PM] -🙂 (28314840): like when was level 1000 dont need team he can destroyd server without help and his mass still 10k

[7/4/2022, 3:16:27 PM] -🙂 (28314840): these old days

[7/4/2022, 3:18:47 PM] ky° (6781233): bot hilesi mi bu 

[7/4/2022, 3:18:57 PM] cheeps (3351573): so this guy is unbeatable

[7/4/2022, 3:19:04 PM] -🙂 (28314840): yap

[7/4/2022, 3:20:12 PM] -🙂 (28314840): what of mod know abut that? 

[7/4/2022, 3:20:17 PM] -🙂 (28314840): like saronix

[7/4/2022, 3:20:26 PM] -🙂 (28314840): can he do somethink

[7/4/2022, 3:20:58 PM] -🙂 (28314840): hm ok he can

[7/4/2022, 3:21:37 PM] cheeps (3351573): any mod can Just kick him if they see that

[7/4/2022, 3:21:47 PM] cheeps (3351573): but all of then offline

[7/4/2022, 3:21:51 PM] -🙂 (28314840): ohh😂😂

[7/4/2022, 3:21:52 PM] cheeps (3351573): m

[7/4/2022, 3:22:24 PM] -🙂 (28314840): do you know how he do thats

[7/4/2022, 3:22:30 PM] -🙂 (28314840): its about hacker

[7/4/2022, 3:22:32 PM] -🙂 (28314840): ? 

