[7/10/2022, 10:15:34 PM] ‌‌‌‌‌‌‌‌‌‌‌‌‌‌‌‌ (4922403): my house all grass and every other house grass

[7/10/2022, 10:15:34 PM] Xenos (4966487): How did i look like

[7/10/2022, 10:15:37 PM] ‌‌‌‌‌‌‌‌‌‌‌‌‌‌‌‌ (4922403): so yea gl

[7/10/2022, 10:15:37 PM] Xenos (4966487): Describe me

[7/10/2022, 10:15:45 PM] Joshua (28176771): Pussy

[7/10/2022, 10:16:11 PM] ⠀ ⠀ ⠀ ⠀ ⠀⠀ perky (26473724): http://gyazo nl/e2cf4c9c6243e2e2d2ad930a8d96fae6

[7/10/2022, 10:16:18 PM] - (15220044): ip grabber

[7/10/2022, 10:16:20 PM] ‌‌‌‌‌‌‌‌‌‌‌‌‌‌‌‌ (9876660): yes any house with earth material is his house

[7/10/2022, 10:16:21 PM] - (15220044): lmaoo

[7/10/2022, 10:16:22 PM] ⠀ ⠀ ⠀ ⠀ ⠀⠀ perky (26473724): theres the vid if anyone wanna see xenos and his dad get whooped

[7/10/2022, 10:16:28 PM] Xenos (4966487): 😂

[7/10/2022, 10:16:30 PM] - (15220044): stfu

[7/10/2022, 10:16:34 PM] Xenos (4966487): Perky post it in ur bio

[7/10/2022, 10:16:36 PM] ‌‌‌‌‌‌‌‌‌‌‌‌‌‌‌‌ (9876660): about to try the link

[7/10/2022, 10:16:39 PM] Xenos (4966487): Dat link

[7/10/2022, 10:16:40 PM] ‌‌‌‌‌‌‌‌‌‌‌‌‌‌‌‌ (9876660): 5 secs

[7/10/2022, 10:16:44 PM] Joshua (28176771): http://gyazo nl/e2cf4c9c6243e2e2d2ad930a8d96fae6

[7/10/2022, 10:16:46 PM] - (15220044): perky y u so corny

[7/10/2022, 10:16:51 PM] Joshua (28176771): . befor nl

[7/10/2022, 10:16:58 PM] blitz (15220044): corny mf

