[7/13/2022, 7:13:19 PM] уЕдуЕдуЕдуЕдуЕдуЕдуЕдуЕд (795198): ЁЯШн

[7/13/2022, 7:13:25 PM] ЁЯП┤тАНтШая╕П (27259564): ЁЯШн

[7/13/2022, 7:13:26 PM] тАОтАОтАОтАОтАО (2037352): bruh

[7/13/2022, 7:13:31 PM] ЁЯП┤тАНтШая╕П (27259564): bruh

[7/13/2022, 7:13:37 PM] уЕдуЕдуЕдуЕдуЕдуЕдуЕдуЕд (795198): bruh

[7/13/2022, 7:13:39 PM] ЁЯП┤тАНтШая╕П (27259564): bruh

[7/13/2022, 7:13:48 PM] тАОтАОтАОтАОтАО (2037352): get this noob outta here

[7/13/2022, 7:13:57 PM] ЁЯП┤тАНтШая╕П (27259564): get this noob outta here

[7/13/2022, 7:14:07 PM] уЕдуЕдуЕдуЕдуЕдуЕдуЕдуЕд (795198): get this noob outta here

[7/13/2022, 7:14:17 PM] ЁЯП┤тАНтШая╕П (27259564): get this noob outta here

[7/13/2022, 7:14:21 PM] уЕдуЕдуЕдуЕдуЕдуЕдуЕдуЕд (795198): get this noob outta here

[7/13/2022, 7:14:32 PM] ЁЯП┤тАНтШая╕П (27259564): get this noob outta here

[7/13/2022, 7:14:53 PM] тАОтАОтАОтАОтАО (2037352): yall too much

[7/13/2022, 7:15:01 PM] ЁЯП┤тАНтШая╕П (27259564): yall too much

[7/13/2022, 7:15:03 PM] уЕдуЕдуЕдуЕдуЕдуЕдуЕдуЕд (795198): yall too much

[7/13/2022, 7:15:08 PM] ЁЯП┤тАНтШая╕П (27259564): yall too much

[7/13/2022, 7:15:12 PM] уЕдуЕдуЕдуЕдуЕдуЕдуЕдуЕд (795198): yall too much

[7/13/2022, 7:15:17 PM] ЁЯП┤тАНтШая╕П (27259564): yall too much

[7/13/2022, 7:15:22 PM] уЕдуЕдуЕдуЕдуЕдуЕдуЕдуЕд (795198): yall too much

[7/13/2022, 7:15:26 PM] ЁЯП┤тАНтШая╕П (27259564): yall too much

[7/13/2022, 7:15:37 PM] уЕдуЕдуЕдуЕдуЕдуЕдуЕдуЕд (795198): yall too much

[7/13/2022, 7:15:40 PM] ЁЯП┤тАНтШая╕П (27259564): yall too much

[7/13/2022, 7:15:48 PM] уЕдуЕдуЕдуЕдуЕдуЕдуЕдуЕд (795198): yall too much

[7/13/2022, 7:15:53 PM] ЁЯП┤тАНтШая╕П (27259564): yall too much

[7/13/2022, 7:15:59 PM] уЕдуЕдуЕдуЕдуЕдуЕдуЕдуЕд (795198): ЁЯШ│

[7/13/2022, 7:16:11 PM] тАОтАОтАОтАОтАО (2037352): but seriously what is this lobby

[7/13/2022, 7:16:14 PM] ЁЯП┤тАНтШая╕П (27259564): ЁЯШ│

[7/13/2022, 7:16:20 PM] уЕдуЕдуЕдуЕдуЕдуЕдуЕдуЕд (795198): a hacker

[7/13/2022, 7:16:22 PM] ЁЯП┤тАНтШая╕П (27259564): but seriously what is this lobby

[7/13/2022, 7:16:25 PM] ЁЯП┤тАНтШая╕П (27259564): a hacker

