[7/14/2022, 12:30:00 PM] 🌌🌆🇲🇽 (28146066): ese

[7/14/2022, 12:30:02 PM] ㅤ ㅤ   ㅤㅤㅤㅤ᠌joh (17505746): ._.

[7/14/2022, 12:30:13 PM] 🌌🌆🇲🇽 (28146066): Soy nuevo 

[7/14/2022, 12:30:28 PM] ㅤ ㅤ   ㅤㅤㅤㅤ᠌joh (17505746): el modo que tiene poderes y la wea para teletransportarsee

[7/14/2022, 12:30:31 PM] ㅤ ㅤ   ㅤㅤㅤㅤ᠌joh (17505746): 💀

[7/14/2022, 12:30:44 PM] 🌌🌆🇲🇽 (28146066): 🤨

[7/14/2022, 12:30:48 PM] 🌌🌆🇲🇽 (28146066): Enserio?

[7/14/2022, 12:31:13 PM] 🌌🌆🇲🇽 (28146066): Y estos?

[7/14/2022, 12:31:18 PM] ㅤ ㅤ   ㅤㅤㅤㅤ᠌joh (17505746): wtf y esto?

[7/14/2022, 12:31:21 PM] ㅤ ㅤ   ㅤㅤㅤㅤ᠌joh (17505746): JAJAJA

[7/14/2022, 12:31:25 PM] ㅤ ㅤ   ㅤㅤㅤㅤ᠌joh (17505746): ni yo entiendo wn

[7/14/2022, 12:31:38 PM] ㅤ ㅤ   ㅤㅤㅤㅤ᠌joh (17505746): alto miedo

[7/14/2022, 12:31:41 PM] ㅤ ㅤ   ㅤㅤㅤㅤ᠌joh (17505746): un hacker xd

[7/14/2022, 12:32:16 PM] 🌌🌆🇲🇽 (28146066): 🥱

[7/14/2022, 12:32:21 PM] ㅤ ㅤ   ㅤㅤㅤㅤ᠌joh (17505746): mira

[7/14/2022, 12:32:27 PM] ㅤ ㅤ   ㅤㅤㅤㅤ᠌joh (17505746): te digo como entrar mayhem

[7/14/2022, 12:32:30 PM] 🌌🌆🇲🇽 (28146066): Deja de doy masa si no nos carga la vrg

[7/14/2022, 12:33:16 PM] ㅤ ㅤ   ㅤㅤㅤㅤ᠌joh (17505746): te enseño entrar mayhem?

[7/14/2022, 12:33:56 PM] 🌌🌆🇲🇽 (28146066): Como me vas a enseñar

[7/14/2022, 12:34:03 PM] ㅤ ㅤ   ㅤㅤㅤㅤ᠌joh (17505746): mira

[7/14/2022, 12:34:06 PM] ㅤ ㅤ   ㅤㅤㅤㅤ᠌joh (17505746): sales del juego

[7/14/2022, 12:34:07 PM] ㅤ ㅤ   ㅤㅤㅤㅤ᠌joh (17505746): espera

[7/14/2022, 12:34:21 PM] ㅤ ㅤ   ㅤㅤㅤㅤ᠌joh (17505746): sales del juego

[7/14/2022, 12:34:35 PM] ㅤ ㅤ   ㅤㅤㅤㅤ᠌joh (17505746): y apretas el cuadrado donde dice MAYHEM

[7/14/2022, 12:34:47 PM] ㅤ ㅤ   ㅤㅤㅤㅤ᠌joh (17505746): ;-;

