[7/29/2022, 11:27:56 PM] skye (11285266): 😭

[7/29/2022, 11:28:02 PM] Jdot (21004447): I hate flies bruh

[7/29/2022, 11:28:03 PM] skye (11285266): Maybe your wifi just doesnt work

[7/29/2022, 11:28:11 PM] Jdot (21004447): buzzing in my ear

[7/29/2022, 11:28:18 PM] Jdot (21004447): shit scared tf outta me

[7/29/2022, 11:28:21 PM] GoDzFuture (16362170): it happens everywhere. i use data to not lag 💀

[7/29/2022, 11:28:29 PM] skye (11285266): 😭😭😭😭

[7/29/2022, 11:28:36 PM] skye (11285266): What state are you in

[7/29/2022, 11:28:41 PM] GoDzFuture (16362170): who 

[7/29/2022, 11:28:45 PM] skye (11285266): so i know to avoid its shitty wifi😭

[7/29/2022, 11:28:46 PM] ‎Maja (7167216): hi Nyaa 

[7/29/2022, 11:28:54 PM] 👑redmore👑 (28073156): finally shi not tweakin🤣🤣

[7/29/2022, 11:29:03 PM] 👑redmore👑 (28073156): skye my shi wasnt workin either

[7/29/2022, 11:29:08 PM] ‎‎ (9981503): mana

[7/29/2022, 11:29:10 PM] ‎‎ (9981503): maja

[7/29/2022, 11:29:14 PM] ‎Maja (7167216): ye

[7/29/2022, 11:29:15 PM] skye (11285266): Your account finally got let back in

[7/29/2022, 11:29:27 PM] ‎‎ (9981503): send plasma

[7/29/2022, 11:29:27 PM] 👑redmore👑 (28073156): no it wasnt that 

[7/29/2022, 11:29:34 PM] GoDzFuture (16362170): prob dont help i live out in the country lmfao

