[8/2/2022, 7:08:45 PM] daniel (14930637): de donde sos mor?

[8/2/2022, 7:08:47 PM] Blob 97239 (26282357): You failed me

[8/2/2022, 7:08:52 PM] Astro (2288172): sofia u single now or what?

[8/2/2022, 7:09:03 PM] red stfu (8954228): yeah

[8/2/2022, 7:09:07 PM] red stfu (8954228): but

[8/2/2022, 7:09:13 PM] red stfu (8954228): not trynna fw anyone

[8/2/2022, 7:09:21 PM] Brando (4205170): failes everything in my lofe so far

[8/2/2022, 7:09:23 PM] Astro (2288172): let me be tay for u frfr 

[8/2/2022, 7:09:25 PM] Astro (2288172): gay

[8/2/2022, 7:09:33 PM] red stfu (8954228): 😍

[8/2/2022, 7:09:53 PM] Astro (2288172): ttyl

[8/2/2022, 7:10:02 PM] red stfu (8954228): cya

[8/2/2022, 7:10:18 PM] Brando (4205170): not bots again

[8/2/2022, 7:10:26 PM] Astro (2288172): sofia

[8/2/2022, 7:10:31 PM] Astro (2288172): shoot theb@

[8/2/2022, 7:10:35 PM] Astro (2288172): ???

[8/2/2022, 7:10:40 PM] Saint (11460653): 😦

[8/2/2022, 7:10:43 PM] red stfu (8954228): the what

[8/2/2022, 7:10:51 PM] Astro (2288172): the @

[8/2/2022, 7:11:10 PM] red stfu (8954228): only if u smd

[8/2/2022, 7:11:14 PM] exile (2813739): abraham tu hablo nigger?

[8/2/2022, 7:11:21 PM] Astro (2288172): vice versa 

[8/2/2022, 7:11:27 PM] red stfu (8954228): haha

[8/2/2022, 7:12:01 PM] Astro (2288172): okay imma eat my foood now ttyl

[8/2/2022, 7:12:08 PM] red stfu (8954228): alr cya

[8/2/2022, 7:12:09 PM] exile (2813739): where exile bots come from

[8/2/2022, 7:12:20 PM] a (17197348): ur ass

[8/2/2022, 7:12:52 PM] red stfu (8954228): exile dont let them catch u cuz u get banned

[8/2/2022, 7:12:55 PM] red stfu (8954228): 😔

[8/2/2022, 7:13:01 PM] Brando (4205170): get banned

[8/2/2022, 7:13:04 PM] Brando (4205170): get banned

[8/2/2022, 7:13:13 PM] red stfu (8954228): noooo

[8/2/2022, 7:13:15 PM] exile (2813739): i didnt do nun

[8/2/2022, 7:13:31 PM] red stfu (8954228): they said if u stay in a server w bots on u get banned

[8/2/2022, 7:17:22 PM] red stfu (8954228): why

[8/2/2022, 7:17:25 PM] red stfu (8954228): jk

[8/2/2022, 7:17:30 PM] red stfu (8954228): WAIT

[8/2/2022, 7:17:34 PM] red stfu (8954228): igtg

[8/2/2022, 7:17:43 PM] red stfu (8954228): ily

[8/2/2022, 7:17:46 PM] red stfu (8954228): bye

[8/2/2022, 7:17:47 PM] Brando (4205170): i watch creamy bbw

[8/2/2022, 7:21:10 PM] Brando (4205170): feed me abraham

