[7/30/2022, 11:57:33 PM] musa66 (24345541): slm

[7/30/2022, 11:58:55 PM] aa (12410128): hacker

[7/30/2022, 11:59:14 PM] musa66 (24345541): iyi

[7/31/2022, 12:00:25 AM] ` (12806812): everyone chill

[7/31/2022, 12:01:00 AM] TheVladGirl (17306460): go team and **** this hot

[7/31/2022, 12:01:03 AM] TheVladGirl (17306460): bot

[7/31/2022, 12:01:13 AM] aa (12410128): we cant

[7/31/2022, 12:01:22 AM] TheVladGirl (17306460): report?

[7/31/2022, 12:01:29 AM] musa66 (24345541): no

[7/31/2022, 12:02:10 AM] ` (12806812): just chill, you cant do anything anyways now 😂😂

[7/31/2022, 12:02:18 AM] TheVladGirl (17306460): pfff why do that

[7/31/2022, 12:07:06 AM] Youbi (10760643): y bz la game ce fdp

[7/31/2022, 12:07:38 AM] TheVladGirl (17306460): oui ce fdp

[7/31/2022, 12:09:14 AM] ` (12806812): 5 ppl chillin

[7/31/2022, 12:11:45 AM] Youbi (10760643): il a des bots 

[7/31/2022, 12:16:09 AM] ‌ (17949685): че тут опять происходит 

[7/31/2022, 12:16:34 AM] .          Moon. (2344350): не спрашивай

[7/31/2022, 12:17:00 AM] ‌ (17949685): да страшно даже спрашивать было 

[7/31/2022, 12:25:22 AM] aa (12410128): maybe lets move to another serv

[7/31/2022, 12:25:48 AM] ` (12806812): yh, probably mayhem. 

[7/31/2022, 12:25:58 AM] ` (12806812): because i guess this is only server

[7/31/2022, 12:26:00 AM] aa (12410128): i mean private

[7/31/2022, 12:26:09 AM] ` (12806812): yh yh we can do that 

[7/31/2022, 12:26:30 AM] İREM (24376517): hi

[7/31/2022, 12:26:51 AM] ` (12806812): Nyaaok you are not bored? 😂

[7/31/2022, 12:27:09 AM] İREM (24376517): I need 20k plasma 

[7/31/2022, 12:27:23 AM] ` (12806812): i need 2 mil

[7/31/2022, 12:27:24 AM] İREM (24376517): if you have one would you give 

[7/31/2022, 12:27:58 AM] İREM (24376517): haha

[7/31/2022, 12:28:11 AM] İREM (24376517): thank you 

[7/31/2022, 12:28:14 AM] İREM (24376517): 😂

[7/31/2022, 12:28:15 AM] .          Moon. (2344350):  you asked 1 got a 1

[7/31/2022, 12:28:27 AM] .          Moon. (2344350): ur welcome

[7/31/2022, 12:29:44 AM] İREM (24376517): If I ask 2, you will give 2 so 

[7/31/2022, 12:30:20 AM] albania (17696391): tf

[7/31/2022, 12:30:56 AM] İREM (24376517): could you please give some

[7/31/2022, 12:31:15 AM] ` (12806812): 1 plasma take it or leave it

