[7/31/2022, 4:54:53 PM] Mpok (28378503): ngecit bot

[7/31/2022, 4:54:55 PM] Mpok (28378503): anj

[7/31/2022, 4:54:56 PM] hum... (23320630): wtf

[7/31/2022, 4:54:58 PM] crzz (27744061): null semua any

[7/31/2022, 4:55:26 PM] Hưm (27180425): bị chiếm sv r

[7/31/2022, 4:55:45 PM] G-Zyrexx (28394160): ngecit

[7/31/2022, 4:55:56 PM] G-Zyrexx (28394160): yatim cit

[7/31/2022, 4:56:05 PM] hum... (23320630): hình như thg này hacker

[7/31/2022, 4:56:07 PM] crzz (27744061): mantapp

[7/31/2022, 4:56:08 PM] Mpok (28378503): wkwk mantap

[7/31/2022, 4:56:17 PM] hum... (23320630): thật 

[7/31/2022, 4:56:20 PM] crzz (27744061): repot

[7/31/2022, 4:56:28 PM] Hưm (27180425): nó cho spam mấy con 45 jbas

[7/31/2022, 4:56:31 PM] G-Zyrexx (28394160): doa in ortu ny

[7/31/2022, 4:56:44 PM] hum... (23320630): hacker rồi

[7/31/2022, 4:57:10 PM] Mpok (28378503): go to mayhem nyaanity

[7/31/2022, 4:57:10 PM] crzz (27744061): report

[7/31/2022, 4:57:17 PM] few (27889869): kontol cit bot

[7/31/2022, 4:57:20 PM] hum... (23320630): sao swamp liên tục đc

[7/31/2022, 4:57:26 PM] few (27889869): kek di agar aja di buat dia

[7/31/2022, 4:57:31 PM] hum... (23320630): hack rồi

[7/31/2022, 4:57:35 PM] G-Zyrexx (28394160): play

[7/31/2022, 4:57:51 PM] Hưm (27180425): toàn buf nó là hỉu

[7/31/2022, 4:58:37 PM] Hưm (27180425): vãi haha

[7/31/2022, 4:58:37 PM] G-Zyrexx (28394160): mayhem

[7/31/2022, 4:58:57 PM] few (27889869): ngk sangup anjing

[7/31/2022, 4:59:02 PM] G-Zyrexx (28394160): mayhem

[7/31/2022, 4:59:09 PM] crzz (27744061): auto bot

[7/31/2022, 4:59:18 PM] G-Zyrexx (28394160): ayo mayhem aj

[7/31/2022, 4:59:36 PM] crzz (27744061): feww malah ngeladenin haha

[7/31/2022, 4:59:53 PM] Mpok (28378503): jago dia

[7/31/2022, 4:59:57 PM] 45€bot2 (28505857): JIR

[7/31/2022, 4:59:57 PM] G-Zyrexx (28394160): dia pen menang

[7/31/2022, 5:00:01 PM] G-Zyrexx (28394160): lah 

[7/31/2022, 5:00:03 PM] 45€bot2 (28505857): null gg abis

[7/31/2022, 5:00:03 PM] hum... (23320630): ảo thật

[7/31/2022, 5:00:13 PM] G-Zyrexx (28394160): njing bot nya ngetik

[7/31/2022, 5:00:18 PM] 45€bot2 (28505857): NULL BOT TAPI GG

[7/31/2022, 5:00:34 PM] crzz (27744061): Nghiêm túc

[7/31/2022, 5:00:46 PM] G-Zyrexx (28394160): nma cit nya ap?

[7/31/2022, 5:01:09 PM] 45€bot2 (28505857): apa?

[7/31/2022, 5:01:24 PM] Hưm (27180425): thấy mấy con 45 spam là có điềm

[7/31/2022, 5:01:38 PM] 45€bot2 (28505857): NULL BOT TER GG

[7/31/2022, 5:02:00 PM] hum... (23320630): ukm

[7/31/2022, 5:02:03 PM] crzz (27744061): noob

[7/31/2022, 5:02:15 PM] G-Zyrexx (28394160): ayo mayhem aj

[7/31/2022, 5:02:43 PM] 45€bot2 (28505857): JIRR BOT GG AJNG

[7/31/2022, 5:03:43 PM] hum... (23320630): swamp liên tục luôn

[7/31/2022, 5:04:16 PM] few (27889869): yutube dia ada cara chit nya anjing

[7/31/2022, 5:04:32 PM] Hưm (27180425): có mấy ng kiên trì ghê

[7/31/2022, 5:04:41 PM] hum... (23320630): :))

[7/31/2022, 5:04:43 PM] hum... (23320630): 😂

[7/31/2022, 5:05:03 PM] 𝖎𝖗 (14593861): buset dek

[7/31/2022, 5:05:17 PM] 45€bot2 (28505857): NULL CIT KEKNYA

[7/31/2022, 5:05:27 PM] 45€bot2 (28505857): BOT TER GG

[7/31/2022, 5:05:36 PM] hum... (23320630): chắc phá kỉ luật

[7/31/2022, 5:05:37 PM] few (27889869): yutub dia ada cara chit nya

[7/31/2022, 5:05:49 PM] hum... (23320630): ồ ko

[7/31/2022, 5:05:56 PM] 45€bot2 (28505857): masalah nya dia bot

[7/31/2022, 5:06:04 PM] Hưm (27180425): hahaa

[7/31/2022, 5:06:14 PM] 45€bot2 (28505857): lu coba tiruin namanya gak bisa 

[7/31/2022, 5:06:27 PM] 45€bot2 (28505857): coba nama lu ganti NULL PASTI GAK BISA

[7/31/2022, 5:06:45 PM] 𝖎𝖗 (14593861): ya gbisa lah kocak

[7/31/2022, 5:06:58 PM] Mpok (28378503): player inima

[7/31/2022, 5:07:02 PM] Hưm (27180425): có ng theo đú chung lun kìa

[7/31/2022, 5:07:05 PM] Mpok (28378503): ira

[7/31/2022, 5:07:15 PM] 45€bot2 (28505857): NULL CITER

[7/31/2022, 5:07:20 PM] hum... (23320630): @-@

[7/31/2022, 5:07:32 PM] ℜ↯ (6167161): caught

[7/31/2022, 5:07:38 PM] Nx (11255592): they in Asia FFAU

[7/31/2022, 5:07:47 PM] 𝖎𝖗 (14593861): apa mpok

[7/31/2022, 5:07:51 PM] 45€bot2 (28505857): NULL CITER

[7/31/2022, 5:07:57 PM] 45€bot2 (28505857): NULL CITER

[7/31/2022, 5:08:03 PM] Mpok (28378503): ga kangen aku

[7/31/2022, 5:08:07 PM] 𝖎𝖗 (14593861): gak

[7/31/2022, 5:08:13 PM] 45€bot2 (28505857): CITET DIA

[7/31/2022, 5:08:18 PM] hum... (23320630): giống như máy chơi ấy

[7/31/2022, 5:08:18 PM] 45€bot2 (28505857): citer

[7/31/2022, 5:08:22 PM] Mpok (28378503): goblok be si

[7/31/2022, 5:08:29 PM] Mpok (28378503): dibilang cit dari tadi

[7/31/2022, 5:08:32 PM] Mpok (28378503): tolol 

[7/31/2022, 5:08:35 PM] 45€bot2 (28505857): NULL HE CITER

[7/31/2022, 5:08:36 PM] Nx (11255592): hey i found my friend

[7/31/2022, 5:08:51 PM] Hưm (27180425): hack là máy chơi r mà =))

