[8/9/2022, 12:08:08 AM] XL (21473184): eyo ziko

[8/9/2022, 12:08:16 AM] ziko (12393011): hey Jin

[8/9/2022, 12:08:20 AM] XL (21473184): wp my nigg

[8/9/2022, 12:08:34 AM] ziko (12393011): fine wby bro

[8/9/2022, 12:08:43 AM] ziko (12393011): someone doing cheat here

[8/9/2022, 12:09:06 AM] XL (21473184): cheat?

[8/9/2022, 12:09:10 AM] XL (21473184): how

[8/9/2022, 12:09:51 AM] XL (21473184): fk its bots

[8/9/2022, 12:09:59 AM] ➷Ömerツ (28215159): Impressive

[8/9/2022, 12:10:34 AM] Tyga (22053955): ezzzz

[8/9/2022, 12:14:06 AM] XL (21473184): its game trash

[8/9/2022, 12:14:08 AM] wrtx (28412018): wtf

[8/9/2022, 12:14:27 AM] XL (21473184): !kick 11

[8/9/2022, 12:14:54 AM] wrtx (28412018): how you ki k

[8/9/2022, 12:18:42 AM] wrtx (28412018): hey nyaanity if u looking here can u can bog name wrtx pro?

[8/9/2022, 12:19:06 AM] ziko (12393011): lol

[8/9/2022, 12:19:14 AM] wrtx (28412018): xD

[8/9/2022, 12:19:29 AM] wrtx (28412018): he is hacmer

[8/9/2022, 12:19:32 AM] wrtx (28412018): hacker

[8/9/2022, 12:19:50 AM] wrtx (28412018): arabic

[8/9/2022, 12:20:14 AM] wrtx (28412018): ffk u

[8/9/2022, 12:20:17 AM] ➷Ömerツ (28215159): hacker lost? 

[8/9/2022, 12:20:22 AM] wrtx (28412018): hay amk

[8/9/2022, 12:20:26 AM] wrtx (28412018): you stfu

[8/9/2022, 12:20:30 AM] ziko (12393011): lol

[8/9/2022, 12:20:39 AM] ziko (12393011): i’m dead

[8/9/2022, 12:21:06 AM] XL (21473184): l'm done

[8/9/2022, 12:21:48 AM] wrtx (28412018): hey hacker can u doo bot can give me mass?

[8/9/2022, 12:22:48 AM] wrtx (28412018): why

[8/9/2022, 12:23:03 AM] wrtx (28412018): ps

[8/9/2022, 12:23:06 AM] wrtx (28412018): pls

