[8/18/2022, 5:01:29 PM] Nop (25354268): ping

[8/18/2022, 5:01:34 PM] Nop (25354268): Maja 

[8/18/2022, 5:01:35 PM] Nop (25354268): xd

[8/18/2022, 5:01:43 PM] Nop (25354268): Majaa

[8/18/2022, 5:01:47 PM] Nop (25354268): xd

[8/18/2022, 5:01:55 PM] Nop (25354268): Maja

[8/18/2022, 5:01:58 PM] Nop (25354268): Maja

[8/18/2022, 5:02:03 PM] Nop (25354268): !Ping Maja

[8/18/2022, 5:02:48 PM] Nop (25354268): Maja :v

[8/18/2022, 5:03:08 PM] .... (25910511): se metio un hacker a esta sala ojo que los banean si no se salen

[8/18/2022, 5:03:23 PM] Nop (25354268): Maja

[8/18/2022, 5:03:25 PM] Nop (25354268): Maja

[8/18/2022, 5:03:26 PM] Nop (25354268): Maja

[8/18/2022, 5:03:27 PM] Nop (25354268): Maja

[8/18/2022, 5:03:42 PM] Nop (25354268): :0

[8/18/2022, 5:03:51 PM] .... (25910511): ya me banearon una cuenta por un pinche hacker de esos que activan esa md 

[8/18/2022, 5:06:33 PM] .... (25910511): ojo que alguien activo eso  de que los bots se te tiren automaticamente 

[8/18/2022, 5:06:54 PM] .... (25910511): el juego te banea por r participar 

[8/18/2022, 5:07:42 PM] .... (25910511): ya me banearon una cuento por entrar a una sala donde estaba activo eso

[8/18/2022, 5:08:23 PM] Nop (25354268): xd

[8/18/2022, 5:08:39 PM] Nop (25354268): Benned xd

[8/18/2022, 5:08:47 PM] Nop (25354268): xd

[8/18/2022, 5:08:51 PM] Nop (25354268): :v

[8/18/2022, 5:08:55 PM] .... (25910511): osea que tu lo activaste 

[8/18/2022, 5:09:12 PM] .... (25910511): pinche loca 

[8/18/2022, 5:09:14 PM] Nop (25354268): paraces imbecil?

[8/18/2022, 5:09:34 PM] Nop (25354268): como que yo los active

[8/18/2022, 5:09:38 PM] Nop (25354268): ._.

[8/18/2022, 5:09:58 PM] .... (25910511): sos un piche hack 

[8/18/2022, 5:10:40 PM] Nop (25354268): esto ni es un hack xd ni sabes

[8/18/2022, 5:11:11 PM] Nop (25354268): esta mierd se maneja con una aplicacion ._. y la maneja ese men grande

[8/18/2022, 5:11:21 PM] .... (25910511): cómo sea igual banean por participar 

[8/18/2022, 5:11:32 PM] Nop (25354268): te falto el xd

[8/18/2022, 5:11:52 PM] Nop (25354268): munca as salido de tu casa? xd

[8/18/2022, 5:12:19 PM] .... (25910511): que ****o eres jajaja

[8/18/2022, 5:12:40 PM] .... (25910511): bueno suerte si los banean 

[8/18/2022, 5:12:56 PM] Nop (25354268): ok

[8/18/2022, 5:13:01 PM] .... (25910511): ya les adverti

[8/18/2022, 5:13:11 PM] Nop (25354268): tu ni sabes 

[8/18/2022, 5:13:22 PM] .... (25910511): jajajaj 

[8/18/2022, 5:13:30 PM] :/ (9307636): jajajajjaa

[8/18/2022, 5:13:57 PM] .... (25910511): ya me banearon una cuenta grande por participar en esas salas con esa md activa

[8/18/2022, 5:14:21 PM] Nop (25354268): ._.

[8/18/2022, 5:14:33 PM] .... (25910511): pero bueno suerte con ustede 

[8/18/2022, 5:15:02 PM] Nop (25354268): Mejor no hables me estas dando dolor de cabeza xd

[8/18/2022, 5:15:05 PM] Nop (25354268): xd

