[8/21/2022, 4:22:09 PM] c (10320596): when my clock hits 12:00 pm

[8/21/2022, 4:22:13 PM] c (10320596): then we can play

[8/21/2022, 4:22:20 PM] Isaac (27004876): bitch aint no one saying anything

[8/21/2022, 4:22:23 PM] Isaac (27004876): 😂🤣

[8/21/2022, 4:22:30 PM] c (10320596): i dont like u

[8/21/2022, 4:22:36 PM] c (10320596): so ir presence is gro

[8/21/2022, 4:22:38 PM] Isaac (27004876): i didnt ask

[8/21/2022, 4:22:43 PM] c (10320596): BITCH MY NAILS

[8/21/2022, 4:22:53 PM] Reaper (20079532): whos gonna play with me?🤫🤭

[8/21/2022, 4:23:07 PM] 𝘮⁷⁷⁷ (4293788): not the mf hacker 

[8/21/2022, 4:23:23 PM] Isaac (27004876): ill brb

[8/21/2022, 4:24:11 PM] ✧я.ⲓ.ṕ✧ (27004876): aint that eden

[8/21/2022, 4:24:15 PM] c (10320596): …

[8/21/2022, 4:24:31 PM] c (10320596): yea he got perm banned for bots

[8/21/2022, 4:24:33 PM] c (10320596): 😹😹

[8/21/2022, 4:24:38 PM] c (10320596): and he still doing it

[8/21/2022, 4:24:43 PM] ✧я.ⲓ.ṕ✧ (27004876): yeah

[8/21/2022, 4:24:46 PM] Reaper (20079532): this dude gay

[8/21/2022, 4:24:50 PM] c (10320596): ong

[8/21/2022, 4:24:56 PM] ✧я.ⲓ.ṕ✧ (27004876): nigga 300+

[8/21/2022, 4:24:58 PM] c (10320596): have fun w ur bots baby

[8/21/2022, 4:25:01 PM] ✧я.ⲓ.ṕ✧ (27004876): 30+

[8/21/2022, 4:25:06 PM] ✧я.ⲓ.ṕ✧ (27004876): playin with bots

[8/21/2022, 4:25:08 PM] 𝘮⁷⁷⁷ (4293788): imagine using bots bruh😭 pussy shit 

[8/21/2022, 4:25:16 PM] c (10320596): he dated pix

[8/21/2022, 4:25:19 PM] c (10320596): 😹😹

[8/21/2022, 4:25:23 PM] c (10320596): hes a major L

[8/21/2022, 4:25:45 PM] ✧я.ⲓ.ṕ✧ (27004876): pixs like 50+

[8/21/2022, 4:25:49 PM] ✧я.ⲓ.ṕ✧ (27004876): aint she??..

[8/21/2022, 4:25:54 PM] c (10320596): and eden is in his 20s

[8/21/2022, 4:25:57 PM] c (10320596): maybe 30s

[8/21/2022, 4:25:58 PM] trikz (24191675): this mfer yo

[8/21/2022, 4:25:59 PM] c (10320596): idek

[8/21/2022, 4:26:07 PM] ✧я.ⲓ.ṕ✧ (27004876): eden said he 36

[8/21/2022, 4:26:12 PM] ✧я.ⲓ.ṕ✧ (27004876): some shit like dat

[8/21/2022, 4:26:19 PM] c (10320596): WHY ARE THEY STILL ON THIS GAME

[8/21/2022, 4:26:22 PM] c (10320596): ☠️☠️

[8/21/2022, 4:26:34 PM] c (10320596): by the time im 36 ima be living my own life

[8/21/2022, 4:26:36 PM] c (10320596): 😹😹

[8/21/2022, 4:26:50 PM] 𝘮⁷⁷⁷ (4293788): mf can’t even text in chat bc he’s not logged in😭

[8/21/2022, 4:27:01 PM] ✧я.ⲓ.ṕ✧ (27004876): he has adroid

[8/21/2022, 4:27:04 PM] ✧я.ⲓ.ṕ✧ (27004876): 😂

[8/21/2022, 4:27:12 PM] c (10320596): 🤖

[8/21/2022, 4:27:33 PM] c (10320596): imagine having no siri

[8/21/2022, 4:27:37 PM] c (10320596): 😿

[8/21/2022, 4:27:49 PM] 𝘮⁷⁷⁷ (4293788): i got beef w siri 

[8/21/2022, 4:27:51 PM] ✧я.ⲓ.ṕ✧ (27004876): this nigga eden probably tryna date siri

[8/21/2022, 4:27:55 PM] c (10320596): LMAO

[8/21/2022, 4:27:56 PM] ✧я.ⲓ.ṕ✧ (27004876): lonely bun

[8/21/2022, 4:27:59 PM] ✧я.ⲓ.ṕ✧ (27004876): bum

[8/21/2022, 4:28:06 PM] Reaper (20079532): u guys wanna goo ffa?

[8/21/2022, 4:28:10 PM] c (10320596): rip do u remember me

[8/21/2022, 4:28:23 PM] ✧я.ⲓ.ṕ✧ (27004876): yeah but we hate eachother lmfao

[8/21/2022, 4:28:41 PM] c (10320596): good

[8/21/2022, 4:28:45 PM] 𝘮⁷⁷⁷ (4293788): reaper i’m down to go to ffa this mfs annoying 

[8/21/2022, 4:28:47 PM] c (10320596): i like our relationship

[8/21/2022, 4:28:53 PM] Reaper (20079532): bet

[8/21/2022, 4:28:54 PM] c (10320596): u help me get my anger out 😾

[8/21/2022, 4:28:56 PM] ✧я.ⲓ.ṕ✧ (27004876): same keep it like dat

[8/21/2022, 4:28:59 PM] ✧я.ⲓ.ṕ✧ (27004876): 😂

[8/21/2022, 4:29:07 PM] ✧я.ⲓ.ṕ✧ (27004876): ion have anger

[8/21/2022, 4:29:14 PM] ✧я.ⲓ.ṕ✧ (27004876): u make me laugh

[8/21/2022, 4:29:20 PM] c (10320596): good 

[8/21/2022, 4:29:29 PM] ✧я.ⲓ.ṕ✧ (27004876): lets go to ffa

[8/21/2022, 4:29:32 PM] c (10320596): i be laughing tryna eat u ngl

[8/21/2022, 4:29:33 PM] ✧я.ⲓ.ṕ✧ (27004876): with them tho

[8/21/2022, 4:29:38 PM] —- (11139910): Nyaa let me hold the mass lil nigga

[8/21/2022, 4:29:39 PM] ✧я.ⲓ.ṕ✧ (27004876): lmfao

[8/21/2022, 4:29:52 PM] ✧я.ⲓ.ṕ✧ (27004876): cam i cant split fast

[8/21/2022, 4:30:00 PM] c (10320596): Im good at my splits 

[8/21/2022, 4:30:00 PM] ✧я.ⲓ.ṕ✧ (27004876): im at 140ms

[8/21/2022, 4:30:13 PM] ✧я.ⲓ.ṕ✧ (27004876): no u not

[8/21/2022, 4:30:15 PM] ✧я.ⲓ.ṕ✧ (27004876): 😂

[8/21/2022, 4:30:16 PM] c (10320596): yes i am

[8/21/2022, 4:30:21 PM] ✧я.ⲓ.ṕ✧ (27004876): no u not

[8/21/2022, 4:30:23 PM] c (10320596): I ****ed up one time tryna eat ur lil blob

[8/21/2022, 4:30:28 PM] c (10320596): before u combined again

[8/21/2022, 4:30:38 PM] ✧я.ⲓ.ṕ✧ (27004876): because im better

[8/21/2022, 4:30:43 PM] c (10320596): Because ur trash

[8/21/2022, 4:30:50 PM] c (10320596): im hoing ffa

[8/21/2022, 4:31:20 PM] Olvin (28722073): 🤔

