[8/21/2022, 3:18:17 PM] - (14976581): hile geldi

[8/21/2022, 3:18:19 PM] - (14976581): bu ne

[8/21/2022, 3:18:32 PM] DevilRyu (28911926): hile?

[8/21/2022, 3:18:42 PM] - (14976581): bot1 bot2....

[8/21/2022, 3:18:51 PM]  (7909120): o ne ya

[8/21/2022, 3:18:55 PM] - (14976581): hile bu 

[8/21/2022, 3:18:58 PM] - (14976581): bence

[8/21/2022, 3:19:04 PM] - (14976581): banlaniriz ben kaçar 

[8/21/2022, 3:19:06 PM] - (14976581): nfkejfkejd

[8/21/2022, 3:19:07 PM]  (7909120): !reset

[8/21/2022, 3:19:43 PM] - (14976581): nyaanity

[8/21/2022, 3:19:43 PM] ‏‏‎‏‏‎‏‏‎‏‏‎‏‏‎‏ (19059097): bunlar hile değil bence

[8/21/2022, 3:19:50 PM] - (14976581): bu adam acmis

[8/21/2022, 3:20:06 PM] ‏‏‎‏‏‎‏‏‎‏‏‎‏‏‎‏ (19059097): bu bence bot hesap kastiriyor

[8/21/2022, 3:20:15 PM] - (14976581): evet

[8/21/2022, 3:20:18 PM] ‏‏‎‏‏‎‏‏‎‏‏‎‏‏‎‏ (19059097): bilgisayar üstunde yapilabiliyor

[8/21/2022, 3:20:22 PM] ‏‏‎‏‏‎‏‏‎‏‏‎‏‏‎‏ (19059097): sonrada satiyor

[8/21/2022, 3:20:29 PM] - (14976581): bilmiyorum 

[8/21/2022, 3:20:39 PM] - (14976581): banlaniriz çık 

[8/21/2022, 3:20:41 PM] - (14976581): jdkejfoe

[8/21/2022, 3:21:00 PM] ‏‏‎‏‏‎‏‏‎‏‏‎‏‏‎‏ (19059097): yok canim banlanmayiz

[8/21/2022, 3:21:05 PM] ‏‏‎‏‏‎‏‏‎‏‏‎‏‏‎‏ (19059097): biz ne yaptik 

[8/21/2022, 3:21:11 PM] - (14976581): !kick 16

[8/21/2022, 3:21:23 PM] - (14976581): ben cikiyorum bye

[8/21/2022, 3:21:49 PM] ‏‏‎‏‏‎‏‏‎‏‏‎‏‏‎‏ (19059097): anaa bunlar adami buyutiyorr

[8/21/2022, 3:23:31 PM] ‏‏‎‏‏‎‏‏‎‏‏‎‏‏‎‏ (19059097): baksana adami buyutuyor

[8/21/2022, 3:30:00 PM] ︎︎︎ (6271105): wtf

[8/21/2022, 3:30:25 PM] ︎︎︎ (6271105): !kick 1

[8/21/2022, 3:30:32 PM] ︎︎︎ (6271105): !kick 1

[8/21/2022, 3:31:19 PM] ︎︎︎ (6271105): !kick 2

[8/21/2022, 3:32:30 PM] ︎︎︎ (6271105): !reset

[8/21/2022, 3:32:48 PM] ︎︎︎ (6271105): !reset

[8/21/2022, 3:33:02 PM] ︎︎︎ (6271105): ! Kick 2

[8/21/2022, 3:33:12 PM] ︎︎︎ (6271105): !kick 2

[8/21/2022, 3:34:02 PM] ︎︎︎ (6271105): !kick 7

[8/21/2022, 3:34:44 PM] ︎︎︎ (6271105): !reset

[8/21/2022, 3:34:49 PM] ︎︎︎ (6271105): !reset

[8/21/2022, 3:34:55 PM] ︎︎︎ (6271105): !reset

[8/21/2022, 3:35:04 PM] ︎︎︎ (6271105): !reset

[8/21/2022, 3:35:11 PM] ︎︎︎ (6271105): !reset 

[8/21/2022, 3:35:21 PM] ︎︎︎ (6271105): !reset 

[8/21/2022, 3:35:46 PM] ︎︎︎ (6271105): !guest

[8/21/2022, 3:36:12 PM] ︎︎︎ (6271105): !reset

[8/21/2022, 3:36:26 PM] ︎︎︎ (6271105): !kick 2

[8/21/2022, 3:39:27 PM] ︎︎︎ (6271105): !kick 2

