[8/24/2022, 12:46:45 PM] ​ (2298805): what the heck is this

[8/24/2022, 12:47:02 PM] Kay (4737204): nyaa bot 😭

[8/24/2022, 12:47:24 PM] ​ (2298805): smh gts Kay

[8/24/2022, 12:47:32 PM] Kay (4737204): no 

[8/24/2022, 12:47:36 PM] Kay (4737204): i just woke up 

[8/24/2022, 12:47:51 PM] ​ (2298805): imagine getting up early 

[8/24/2022, 12:47:59 PM] Kay (4737204): kiss my ass

[8/24/2022, 12:48:07 PM] ​ (2298805): no

[8/24/2022, 12:48:13 PM] Kay (4737204): exactly 

[8/24/2022, 12:48:19 PM] Kay (4737204): get rid of the bots 

[8/24/2022, 12:48:26 PM] Mojado (13218578): 🤨

[8/24/2022, 12:48:28 PM] ​ (2298805): lmfao

[8/24/2022, 12:48:35 PM] ​ (2298805): I'm in the hospital 

[8/24/2022, 12:48:43 PM] Kay (4737204): why

[8/24/2022, 12:48:52 PM] ​ (2298805): I told them I have mo insurance and they said nahh bro nothings wrong with you

[8/24/2022, 12:48:55 PM] ​ (2298805): no

[8/24/2022, 12:49:00 PM] ‌‌‌‌‌‌‌‌‌‌‌‌‌‌‌‌ (9876660): wym why, he got hurt tf

[8/24/2022, 12:49:06 PM] ​ (2298805): heart problems 

[8/24/2022, 12:49:12 PM] Kay (4737204): oh no im sorry

[8/24/2022, 12:49:15 PM] ‌‌‌‌‌‌‌‌‌‌‌‌‌‌‌‌ (9876660): bro in the hospital for a reason

[8/24/2022, 12:49:22 PM] ​ (2298805): it's cool

[8/24/2022, 12:49:28 PM] ​ (2298805): if I die I die

[8/24/2022, 12:49:28 PM] Kay (4737204): im asking why hes in there mf 

[8/24/2022, 12:49:34 PM] ‌‌‌‌‌‌‌‌‌‌‌‌‌‌‌‌ (9876660): its 6:30 am and already botting

