[9/12/2022, 4:54:23 PM] Se9 (6248554): not good at all

[9/12/2022, 4:54:35 PM] OmAr (12489703): hahahaha bro

[9/12/2022, 4:54:43 PM] OmAr (12489703): i work in bettiment

[9/12/2022, 4:54:43 PM] cd//ak (27370775): ez

[9/12/2022, 4:54:51 PM] OmAr (12489703): you think iam skinnh

[9/12/2022, 4:54:51 PM] Se9 (6248554): cool

[9/12/2022, 4:55:02 PM] Se9 (6248554): loool

[9/12/2022, 4:55:10 PM] Se9 (6248554): niga called u fat

[9/12/2022, 4:55:11 PM] OmAr (12489703): yes like ur momy

[9/12/2022, 4:55:19 PM] Se9 (6248554): haha ur fat

[9/12/2022, 4:55:25 PM] Se9 (6248554): fat cunt

[9/12/2022, 4:55:39 PM] Se9 (6248554): dam

[9/12/2022, 4:55:40 PM] OmAr (12489703): dw

[9/12/2022, 4:55:41 PM] OmAr (12489703): same

[9/12/2022, 4:55:45 PM] Se9 (6248554): niga said like ur momy

[9/12/2022, 4:55:49 PM] Se9 (6248554): gg0

[9/12/2022, 4:55:49 PM] OmAr (12489703): 🤣🤣

[9/12/2022, 4:55:53 PM] Se9 (6248554): personally

[9/12/2022, 4:55:56 PM] OmAr (12489703): amir fk u

[9/12/2022, 4:56:07 PM] Se9 (6248554): i would stab this niga personally

[9/12/2022, 4:56:11 PM] Se9 (6248554): but thats just me gg0

